This is LuaHBTeX, Version 1.17.0 (MiKTeX 23.5) (format=lualatex 2023.6.12)  13 JUN 2023 09:38
 restricted system commands enabled.
**main.tex
(./main.tex
LaTeX2e <2022-11-01> patch level 1
Lua module: luaotfload 2022-10-03 3.23 Lua based OpenType font support
Lua module: lualibs 2022-10-04 2.75 ConTeXt Lua standard libraries.
Lua module: lualibs-extended 2022-10-04 2.75 ConTeXt Lua libraries -- extended c
ollection.
luaotfload | conf : Root cache directory is "C:/Users/awerneck/AppData/Local/MiK
TeX/luatex-cache/generic/names".
luaotfload | init : Loading fontloader "fontloader-2022-10-03.lua" from kpse-res
olved path "C:/Users/awerneck/AppData/Local/Programs/MiKTeX/tex/luatex/luaotfloa
d/fontloader-2022-10-03.lua".
Lua-only attribute luaotfload@noligature = 1
luaotfload | init : Context OpenType loader version 3.120
Inserting `luaotfload.node_processor' in `pre_linebreak_filter'.
Inserting `luaotfload.node_processor' in `hpack_filter'.
Inserting `luaotfload.glyph_stream' in `glyph_stream_provider'.
Inserting `luaotfload.define_font' in `define_font'.
Lua-only attribute luaotfload_color_attribute = 2
luaotfload | conf : Root cache directory is "C:/Users/awerneck/AppData/Local/MiK
TeX/luatex-cache/generic/names".
Inserting `luaotfload.harf.strip_prefix' in `find_opentype_file'.
Inserting `luaotfload.harf.strip_prefix' in `find_truetype_file'.
Removing  `luaotfload.glyph_stream' from `glyph_stream_provider'.
Inserting `luaotfload.harf.glyphstream' in `glyph_stream_provider'.
Inserting `luaotfload.harf.finalize_vlist' in `post_linebreak_filter'.
Inserting `luaotfload.harf.finalize_hlist' in `hpack_filter'.
Inserting `luaotfload.cleanup_files' in `wrapup_run'.
Inserting `luaotfload.harf.finalize_unicode' in `finish_pdffile'.
Inserting `luaotfload.glyphinfo' in `glyph_info'.
Lua-only attribute luaotfload.letterspace_done = 3
Inserting `luaotfload.aux.set_sscale_dimens' in `luaotfload.patch_font'.
Inserting `luaotfload.aux.set_font_index' in `luaotfload.patch_font'.
Inserting `luaotfload.aux.patch_cambria_domh' in `luaotfload.patch_font'.
Inserting `luaotfload.aux.fixup_fontdata' in `luaotfload.patch_font_unsafe'.
Inserting `luaotfload.aux.set_capheight' in `luaotfload.patch_font'.
Inserting `luaotfload.aux.set_xheight' in `luaotfload.patch_font'.
Inserting `luaotfload.rewrite_fontname' in `luaotfload.patch_font'. L3 programm
ing layer <2023-05-15>
Inserting `tracingstacklevels' in `input_level_string'.
(C:/Users/awerneck/AppData/Local/Programs/MiKTeX/tex/latex/base/report.cls
Document Class: report 2022/07/02 v1.4n Standard LaTeX document class
(C:/Users/awerneck/AppData/Local/Programs/MiKTeX/tex/latex/base/size12.clo
File: size12.clo 2022/07/02 v1.4n Standard LaTeX file (size option)
luaotfload | db : Font names database loaded from C:/Users/awerneck/AppData/Loca
l/MiKTeX/luatex-cache/generic/names/luaotfload-names.luc.gz)
\c@part=\count183
\c@chapter=\count184
\c@section=\count185
\c@subsection=\count186
\c@subsubsection=\count187
\c@paragraph=\count188
\c@subparagraph=\count189
\c@figure=\count190
\c@table=\count191
\abovecaptionskip=\skip48
\belowcaptionskip=\skip49
\bibindent=\dimen139
)
(C:/Users/awerneck/AppData/Local/Programs/MiKTeX/tex/latex/geometry/geometry.st
y
Package: geometry 2020/01/02 v5.9 Page Geometry

(C:/Users/awerneck/AppData/Local/Programs/MiKTeX/tex/latex/graphics/keyval.sty
Package: keyval 2022/05/29 v1.15 key=value parser (DPC)
\KV@toks@=\toks16
) (C:/Users/awerneck/AppData/Local/Programs/MiKTeX/tex/generic/iftex/ifvtex.sty
Package: ifvtex 2019/10/25 v1.7 ifvtex legacy package. Use iftex instead.

(C:/Users/awerneck/AppData/Local/Programs/MiKTeX/tex/generic/iftex/iftex.sty
Package: iftex 2022/02/03 v1.0f TeX engine tests
))
\Gm@cnth=\count192
\Gm@cntv=\count193
\c@Gm@tempcnt=\count194
\Gm@bindingoffset=\dimen140
\Gm@wd@mp=\dimen141
\Gm@odd@mp=\dimen142
\Gm@even@mp=\dimen143
\Gm@layoutwidth=\dimen144
\Gm@layoutheight=\dimen145
\Gm@layouthoffset=\dimen146
\Gm@layoutvoffset=\dimen147
\Gm@dimlist=\toks17

(C:/Users/awerneck/AppData/Local/Programs/MiKTeX/tex/latex/geometry/geometry.cf
g))
(C:/Users/awerneck/AppData/Local/Programs/MiKTeX/tex/latex/subfiles/subfiles.st
y
Package: subfiles 2020/11/14 v2.2 Multi-file projects (package)
 (C:/Users/awerneck/AppData/Local/Programs/MiKTeX/tex/latex/import/import.sty
Package: import 2020/04/01  v 6.2
))
(C:/Users/awerneck/AppData/Local/Programs/MiKTeX/tex/latex/enumitem/enumitem.st
y
Package: enumitem 2019/06/20 v3.9 Customized lists
\labelindent=\skip50
\enit@outerparindent=\dimen148
\enit@toks=\toks18
\enit@inbox=\box51
\enit@count@id=\count195
\enitdp@description=\count196
)
(C:/Users/awerneck/AppData/Local/Programs/MiKTeX/tex/latex/listings/listings.st
y
\lst@mode=\count197
\lst@gtempboxa=\box52
\lst@token=\toks19
\lst@length=\count198
\lst@currlwidth=\dimen149
\lst@column=\count199
\lst@pos=\count266
\lst@lostspace=\dimen150
\lst@width=\dimen151
\lst@newlines=\count267
\lst@lineno=\count268
\lst@maxwidth=\dimen152

(C:/Users/awerneck/AppData/Local/Programs/MiKTeX/tex/latex/listings/lstmisc.sty
File: lstmisc.sty 2023/02/27 1.9 (Carsten Heinz)
\c@lstnumber=\count269
\lst@skipnumbers=\count270
\lst@framebox=\box53
)
(C:/Users/awerneck/AppData/Local/Programs/MiKTeX/tex/latex/listings/listings.cf
g
File: listings.cfg 2023/02/27 1.9 listings configuration
))
Package: listings 2023/02/27 1.9 (Carsten Heinz)

(C:/Users/awerneck/AppData/Local/Programs/MiKTeX/tex/latex/placeins/placeins.st
y
Package: placeins 2005/04/18  v 2.2
)
(C:/Users/awerneck/AppData/Local/Programs/MiKTeX/tex/latex/csvsimple/csvsimple.
sty
(C:/Users/awerneck/AppData/Local/Programs/MiKTeX/tex/latex/l3packages/l3keys2e/
l3keys2e.sty
(C:/Users/awerneck/AppData/Local/Programs/MiKTeX/tex/latex/l3kernel/expl3.sty
Package: expl3 2023-05-15 L3 programming layer (loader) 

(C:/Users/awerneck/AppData/Local/Programs/MiKTeX/tex/latex/l3backend/l3backend-
luatex.def
File: l3backend-luatex.def 2023-04-19 L3 backend support: PDF output (LuaTeX)
\l__color_backend_stack_int=\count271
Inserting `l3color' in `luaotfload.parse_color'.
\l__pdf_internal_box=\box54
))
Package: l3keys2e 2023-02-02 LaTeX2e option processing using LaTeX3 keys
)
Package: csvsimple 2023/05/09 v2.4.0 LaTeX CSV file processing
)
(C:/Users/awerneck/AppData/Local/Programs/MiKTeX/tex/latex/csvsimple/csvsimple-
legacy.sty
Package: csvsimple-legacy 2023/05/09 version 2.4.0 LaTeX2e CSV file processing

(C:/Users/awerneck/AppData/Local/Programs/MiKTeX/tex/latex/pgf/utilities/pgfrcs
.sty
(C:/Users/awerneck/AppData/Local/Programs/MiKTeX/tex/generic/pgf/utilities/pgfu
til-common.tex
\pgfutil@everybye=\toks20
\pgfutil@tempdima=\dimen153
\pgfutil@tempdimb=\dimen154
)
(C:/Users/awerneck/AppData/Local/Programs/MiKTeX/tex/generic/pgf/utilities/pgfu
til-latex.def
\pgfutil@abb=\box55
)
(C:/Users/awerneck/AppData/Local/Programs/MiKTeX/tex/generic/pgf/utilities/pgfr
cs.code.tex
(C:/Users/awerneck/AppData/Local/Programs/MiKTeX/tex/generic/pgf/pgf.revision.t
ex)
Package: pgfrcs 2023-01-15 v3.1.10 (3.1.10)
))
(C:/Users/awerneck/AppData/Local/Programs/MiKTeX/tex/latex/pgf/utilities/pgfkey
s.sty
(C:/Users/awerneck/AppData/Local/Programs/MiKTeX/tex/generic/pgf/utilities/pgfk
eys.code.tex
\pgfkeys@pathtoks=\toks21
\pgfkeys@temptoks=\toks22

(C:/Users/awerneck/AppData/Local/Programs/MiKTeX/tex/generic/pgf/utilities/pgfk
eyslibraryfiltered.code.tex
\pgfkeys@tmptoks=\toks23
)))
(C:/Users/awerneck/AppData/Local/Programs/MiKTeX/tex/latex/base/ifthen.sty
Package: ifthen 2022/04/13 v1.1d Standard LaTeX ifthen package (DPC)
)
(C:/Users/awerneck/AppData/Local/Programs/MiKTeX/tex/latex/etoolbox/etoolbox.st
y
Package: etoolbox 2020/10/05 v2.5k e-TeX tools for LaTeX (JAW)
\etb@tempcnta=\count272
)
(C:/Users/awerneck/AppData/Local/Programs/MiKTeX/tex/latex/tools/shellesc.sty
Package: shellesc 2019/11/08 v1.0c unified shell escape interface for LaTeX
Package shellesc Info: Restricted shell escape enabled on input line 77.
)
\csv@file=\read2
\c@csvinputline=\count273
\c@csvrow=\count274
\c@csvcol=\count275
\csv@out=\write3
)
(C:/Users/awerneck/AppData/Local/Programs/MiKTeX/tex/latex/datetime/datetime.st
y
Package: datetime 2015/03/20 v2.60 Date Time Package

(C:/Users/awerneck/AppData/Local/Programs/MiKTeX/tex/latex/fmtcount/fmtcount.st
y
Package: fmtcount 2020/01/30 v3.07

(C:/Users/awerneck/AppData/Local/Programs/MiKTeX/tex/latex/xkeyval/xkeyval.sty
Package: xkeyval 2022/06/16 v2.9 package option processing (HA)

(C:/Users/awerneck/AppData/Local/Programs/MiKTeX/tex/generic/xkeyval/xkeyval.te
x
(C:/Users/awerneck/AppData/Local/Programs/MiKTeX/tex/generic/xkeyval/xkvutils.t
ex
\XKV@toks=\toks24
\XKV@tempa@toks=\toks25
)
\XKV@depth=\count276
File: xkeyval.tex 2014/12/03 v2.7a key=value parser (HA)
))
(C:/Users/awerneck/AppData/Local/Programs/MiKTeX/tex/latex/fmtcount/fcprefix.st
y
Package: fcprefix 2012/09/28

(C:/Users/awerneck/AppData/Local/Programs/MiKTeX/tex/latex/fmtcount/fcnumparser
.sty
Package: fcnumparser 2017/06/15
\fc@digit@counter=\count277
))
(C:/Users/awerneck/AppData/Local/Programs/MiKTeX/tex/latex/amsmath/amsgen.sty
File: amsgen.sty 1999/11/30 v2.0 generic functions
\@emptytoks=\toks26
\ex@=\dimen155
)
\c@padzeroesN=\count278
\fc@tmpcatcode=\count279
\@DT@modctr=\count280
\@ordinalctr=\count281
\@orgargctr=\count282
\@strctr=\count283
\@tmpstrctr=\count284
\@DT@loopN=\count285
\@DT@X=\count286
)
(C:/Users/awerneck/AppData/Local/Programs/MiKTeX/tex/latex/datetime/datetime-de
faults.sty
Package: datetime-defaults 2013/09/10
)
\@day=\count287
\@month=\count288
\@year=\count289
\c@HOUR=\count290
\c@HOURXII=\count291
\c@MINUTE=\count292
\c@TOHOUR=\count293
\c@TOMINUTE=\count294
\c@SECOND=\count295
\currenthour=\count296
\currentminute=\count297
\currentsecond=\count298
Package datetime Info: No datetime.cfg file found, using default settings on in
put line 308.
\@dtctr=\count299
\dayofyear=\count300
\dayofweek=\count301
LaTeX Info: Redefining \today on input line 736.
\dt@a=\toks27
\dt@b=\toks28
)
(C:/Users/awerneck/AppData/Local/Programs/MiKTeX/tex/latex/tools/longtable.sty
Package: longtable 2021-09-01 v4.17 Multi-page Table package (DPC)
\LTleft=\skip51
\LTright=\skip52
\LTpre=\skip53
\LTpost=\skip54
\LTchunksize=\count302
\LTcapwidth=\dimen156
\LT@head=\box56
\LT@firsthead=\box57
\LT@foot=\box58
\LT@lastfoot=\box59
\LT@gbox=\box60
\LT@cols=\count303
\LT@rows=\count304
\c@LT@tables=\count305
\c@LT@chunks=\count306
\LT@p@ftn=\toks29
)
(C:/Users/awerneck/AppData/Local/Programs/MiKTeX/tex/latex/booktabs/booktabs.st
y
Package: booktabs 2020/01/12 v1.61803398 Publication quality tables
\heavyrulewidth=\dimen157
\lightrulewidth=\dimen158
\cmidrulewidth=\dimen159
\belowrulesep=\dimen160
\belowbottomsep=\dimen161
\aboverulesep=\dimen162
\abovetopsep=\dimen163
\cmidrulesep=\dimen164
\cmidrulekern=\dimen165
\defaultaddspace=\dimen166
\@cmidla=\count307
\@cmidlb=\count308
\@aboverulesep=\dimen167
\@belowrulesep=\dimen168
\@thisruleclass=\count309
\@lastruleclass=\count310
\@thisrulewidth=\dimen169
)
(C:/Users/awerneck/AppData/Local/Programs/MiKTeX/tex/latex/sectsty/sectsty.sty
Package: sectsty 2002/02/25 v2.0.2 Commands to change all sectional heading sty
les


LaTeX Warning: Command \underbar  has changed.
               Check if current package is valid.


LaTeX Warning: Command \underline  has changed.
               Check if current package is valid.

) (C:/Users/awerneck/AppData/Local/Programs/MiKTeX/tex/latex/xcolor/xcolor.sty
Package: xcolor 2022/06/12 v2.14 LaTeX color extensions (UK)

(C:/Users/awerneck/AppData/Local/Programs/MiKTeX/tex/latex/graphics-cfg/color.c
fg
File: color.cfg 2016/01/02 v1.6 sample color configuration
)
Package xcolor Info: Driver file: luatex.def on input line 227.

(C:/Users/awerneck/AppData/Local/Programs/MiKTeX/tex/latex/graphics-def/luatex.
def
File: luatex.def 2022/09/22 v1.2d Graphics/color driver for luatex
)
(C:/Users/awerneck/AppData/Local/Programs/MiKTeX/tex/latex/graphics/mathcolor.l
tx)
Package xcolor Info: Model `cmy' substituted by `cmy0' on input line 1353.
Package xcolor Info: Model `hsb' substituted by `rgb' on input line 1357.
Package xcolor Info: Model `RGB' extended on input line 1369.
Package xcolor Info: Model `HTML' substituted by `rgb' on input line 1371.
Package xcolor Info: Model `Hsb' substituted by `hsb' on input line 1372.
Package xcolor Info: Model `tHsb' substituted by `hsb' on input line 1373.
Package xcolor Info: Model `HSB' substituted by `hsb' on input line 1374.
Package xcolor Info: Model `Gray' substituted by `gray' on input line 1375.
Package xcolor Info: Model `wave' substituted by `hsb' on input line 1376.
)
(C:/Users/awerneck/AppData/Local/Programs/MiKTeX/tex/latex/lastpage/lastpage.st
y
Package: lastpage 2023/04/12 v2.0b lastpage: 2.09 or 2e? (HMM)

(C:/Users/awerneck/AppData/Local/Programs/MiKTeX/tex/latex/lastpage/lastpage2e.
sty
Package: lastpage2e 2023/04/12 v2.0b Decide which 2e lastpage version to use (H
MM)

(C:/Users/awerneck/AppData/Local/Programs/MiKTeX/tex/latex/lastpage/lastpagemod
ern.sty
Package: lastpagemodern 2023-04-12 v2.0b Refers to last page's name (HMM; JPG)
) 
))
(C:/Users/awerneck/AppData/Local/Programs/MiKTeX/tex/latex/mdframed/mdframed.st
y
Package: mdframed 2013/07/01 1.9b: mdframed

(C:/Users/awerneck/AppData/Local/Programs/MiKTeX/tex/latex/kvoptions/kvoptions.
sty
Package: kvoptions 2022-06-15 v3.15 Key value format for package options (HO)

(C:/Users/awerneck/AppData/Local/Programs/MiKTeX/tex/generic/ltxcmds/ltxcmds.st
y
Package: ltxcmds 2020-05-10 v1.25 LaTeX kernel commands for general use (HO)
)
(C:/Users/awerneck/AppData/Local/Programs/MiKTeX/tex/latex/kvsetkeys/kvsetkeys.
sty
Package: kvsetkeys 2022-10-05 v1.19 Key value parser (HO)
))
(C:/Users/awerneck/AppData/Local/Programs/MiKTeX/tex/latex/l3packages/xparse/xp
arse.sty
Package: xparse 2023-02-02 L3 Experimental document command parser
)
(C:/Users/awerneck/AppData/Local/Programs/MiKTeX/tex/latex/zref/zref-abspage.st
y
Package: zref-abspage 2022-04-07 v2.34 Module abspage for zref (HO)
 (C:/Users/awerneck/AppData/Local/Programs/MiKTeX/tex/latex/zref/zref-base.sty
Package: zref-base 2022-04-07 v2.34 Module base for zref (HO)

(C:/Users/awerneck/AppData/Local/Programs/MiKTeX/tex/generic/infwarerr/infwarer
r.sty
Package: infwarerr 2019/12/03 v1.5 Providing info/warning/error messages (HO)
)
(C:/Users/awerneck/AppData/Local/Programs/MiKTeX/tex/generic/kvdefinekeys/kvdef
inekeys.sty
Package: kvdefinekeys 2019-12-19 v1.6 Define keys (HO)
)
(C:/Users/awerneck/AppData/Local/Programs/MiKTeX/tex/generic/pdftexcmds/pdftexc
mds.sty
Package: pdftexcmds 2020-06-27 v0.33 Utility functions of pdfTeX for LuaTeX (HO
)
Package pdftexcmds Info: \pdf@primitive is available.
Package pdftexcmds Info: \pdf@ifprimitive is available.
Package pdftexcmds Info: \pdfdraftmode found.
\pdftexcmds@toks=\toks30
)
(C:/Users/awerneck/AppData/Local/Programs/MiKTeX/tex/generic/etexcmds/etexcmds.
sty
Package: etexcmds 2019/12/15 v1.7 Avoid name clashes with e-TeX commands (HO)
)
(C:/Users/awerneck/AppData/Local/Programs/MiKTeX/tex/latex/auxhook/auxhook.sty
Package: auxhook 2019-12-17 v1.6 Hooks for auxiliary files (HO)
)
Package zref Info: New property list: main on input line 767.
Package zref Info: New property: default on input line 768.
Package zref Info: New property: page on input line 769.
)
(C:/Users/awerneck/AppData/Local/Programs/MiKTeX/tex/latex/base/atbegshi-ltx.st
y
Package: atbegshi-ltx 2021/01/10 v1.0c Emulation of the original atbegshi
package with kernel methods
)
\c@abspage=\count311
Package zref Info: New property: abspage on input line 65.
)
(C:/Users/awerneck/AppData/Local/Programs/MiKTeX/tex/latex/needspace/needspace.
sty
Package: needspace 2010/09/12 v1.3d reserve vertical space
)
\mdf@templength=\skip55
\c@mdf@globalstyle@cnt=\count312
\mdf@skipabove@length=\skip56
\mdf@skipbelow@length=\skip57
\mdf@leftmargin@length=\skip58
\mdf@rightmargin@length=\skip59
\mdf@innerleftmargin@length=\skip60
\mdf@innerrightmargin@length=\skip61
\mdf@innertopmargin@length=\skip62
\mdf@innerbottommargin@length=\skip63
\mdf@splittopskip@length=\skip64
\mdf@splitbottomskip@length=\skip65
\mdf@outermargin@length=\skip66
\mdf@innermargin@length=\skip67
\mdf@linewidth@length=\skip68
\mdf@innerlinewidth@length=\skip69
\mdf@middlelinewidth@length=\skip70
\mdf@outerlinewidth@length=\skip71
\mdf@roundcorner@length=\skip72
\mdf@footenotedistance@length=\skip73
\mdf@userdefinedwidth@length=\skip74
\mdf@needspace@length=\skip75
\mdf@frametitleaboveskip@length=\skip76
\mdf@frametitlebelowskip@length=\skip77
\mdf@frametitlerulewidth@length=\skip78
\mdf@frametitleleftmargin@length=\skip79
\mdf@frametitlerightmargin@length=\skip80
\mdf@shadowsize@length=\skip81
\mdf@extratopheight@length=\skip82
\mdf@subtitleabovelinewidth@length=\skip83
\mdf@subtitlebelowlinewidth@length=\skip84
\mdf@subtitleaboveskip@length=\skip85
\mdf@subtitlebelowskip@length=\skip86
\mdf@subtitleinneraboveskip@length=\skip87
\mdf@subtitleinnerbelowskip@length=\skip88
\mdf@subsubtitleabovelinewidth@length=\skip89
\mdf@subsubtitlebelowlinewidth@length=\skip90
\mdf@subsubtitleaboveskip@length=\skip91
\mdf@subsubtitlebelowskip@length=\skip92
\mdf@subsubtitleinneraboveskip@length=\skip93
\mdf@subsubtitleinnerbelowskip@length=\skip94

(C:/Users/awerneck/AppData/Local/Programs/MiKTeX/tex/latex/mdframed/md-frame-0.
mdf
File: md-frame-0.mdf 2013/07/01\ 1.9b: md-frame-0
)
\mdf@frametitlebox=\box61
\mdf@footnotebox=\box62
\mdf@splitbox@one=\box63
\mdf@splitbox@two=\box64
\mdf@splitbox@save=\box65
\mdfsplitboxwidth=\skip95
\mdfsplitboxtotalwidth=\skip96
\mdfsplitboxheight=\skip97
\mdfsplitboxdepth=\skip98
\mdfsplitboxtotalheight=\skip99
\mdfframetitleboxwidth=\skip100
\mdfframetitleboxtotalwidth=\skip101
\mdfframetitleboxheight=\skip102
\mdfframetitleboxdepth=\skip103
\mdfframetitleboxtotalheight=\skip104
\mdffootnoteboxwidth=\skip105
\mdffootnoteboxtotalwidth=\skip106
\mdffootnoteboxheight=\skip107
\mdffootnoteboxdepth=\skip108
\mdffootnoteboxtotalheight=\skip109
\mdftotallinewidth=\skip110
\mdfboundingboxwidth=\skip111
\mdfboundingboxtotalwidth=\skip112
\mdfboundingboxheight=\skip113
\mdfboundingboxdepth=\skip114
\mdfboundingboxtotalheight=\skip115
\mdf@freevspace@length=\skip116
\mdf@horizontalwidthofbox@length=\skip117
\mdf@verticalmarginwhole@length=\skip118
\mdf@horizontalspaceofbox=\skip119
\mdfsubtitleheight=\skip120
\mdfsubsubtitleheight=\skip121
\c@mdfcountframes=\count313

****** mdframed patching \endmdf@trivlist

****** -- success******

\mdf@envdepth=\count314
\c@mdf@env@i=\count315
\c@mdf@env@ii=\count316
\c@mdf@zref@counter=\count317
Package zref Info: New property: mdf@pagevalue on input line 895.
)
(C:/Users/awerneck/AppData/Local/Programs/MiKTeX/tex/latex/fancyhdr/fancyhdr.st
y
Package: fancyhdr 2022/11/09 v4.1 Extensive control of page headers and footers

\f@nch@headwidth=\skip122
\f@nch@O@elh=\skip123
\f@nch@O@erh=\skip124
\f@nch@O@olh=\skip125
\f@nch@O@orh=\skip126
\f@nch@O@elf=\skip127
\f@nch@O@erf=\skip128
\f@nch@O@olf=\skip129
\f@nch@O@orf=\skip130
)
(C:/Users/awerneck/AppData/Local/Programs/MiKTeX/tex/latex/pgf/frontendlayer/ti
kz.sty
(C:/Users/awerneck/AppData/Local/Programs/MiKTeX/tex/latex/pgf/basiclayer/pgf.s
ty
Package: pgf 2023-01-15 v3.1.10 (3.1.10)

(C:/Users/awerneck/AppData/Local/Programs/MiKTeX/tex/latex/pgf/basiclayer/pgfco
re.sty
(C:/Users/awerneck/AppData/Local/Programs/MiKTeX/tex/latex/graphics/graphicx.st
y
Package: graphicx 2021/09/16 v1.2d Enhanced LaTeX Graphics (DPC,SPQR)

(C:/Users/awerneck/AppData/Local/Programs/MiKTeX/tex/latex/graphics/graphics.st
y
Package: graphics 2022/03/10 v1.4e Standard LaTeX Graphics (DPC,SPQR)
 (C:/Users/awerneck/AppData/Local/Programs/MiKTeX/tex/latex/graphics/trig.sty
Package: trig 2021/08/11 v1.11 sin cos tan (DPC)
)
(C:/Users/awerneck/AppData/Local/Programs/MiKTeX/tex/latex/graphics-cfg/graphic
s.cfg
File: graphics.cfg 2016/06/04 v1.11 sample graphics configuration
)
Package graphics Info: Driver file: luatex.def on input line 107.
)
\Gin@req@height=\dimen170
\Gin@req@width=\dimen171
)
(C:/Users/awerneck/AppData/Local/Programs/MiKTeX/tex/latex/pgf/systemlayer/pgfs
ys.sty
(C:/Users/awerneck/AppData/Local/Programs/MiKTeX/tex/generic/pgf/systemlayer/pg
fsys.code.tex
Package: pgfsys 2023-01-15 v3.1.10 (3.1.10)
\pgf@x=\dimen172
\pgf@y=\dimen173
\pgf@xa=\dimen174
\pgf@ya=\dimen175
\pgf@xb=\dimen176
\pgf@yb=\dimen177
\pgf@xc=\dimen178
\pgf@yc=\dimen179
\pgf@xd=\dimen180
\pgf@yd=\dimen181
\w@pgf@writea=\write4
\r@pgf@reada=\read3
\c@pgf@counta=\count318
\c@pgf@countb=\count319
\c@pgf@countc=\count320
\c@pgf@countd=\count321
\t@pgf@toka=\toks31
\t@pgf@tokb=\toks32
\t@pgf@tokc=\toks33
\pgf@sys@id@count=\count322

(C:/Users/awerneck/AppData/Local/Programs/MiKTeX/tex/generic/pgf/systemlayer/pg
f.cfg
File: pgf.cfg 2023-01-15 v3.1.10 (3.1.10)
)
Driver file for pgf: pgfsys-luatex.def

(C:/Users/awerneck/AppData/Local/Programs/MiKTeX/tex/generic/pgf/systemlayer/pg
fsys-luatex.def
File: pgfsys-luatex.def 2023-01-15 v3.1.10 (3.1.10)

(C:/Users/awerneck/AppData/Local/Programs/MiKTeX/tex/generic/pgf/systemlayer/pg
fsys-common-pdf.def
File: pgfsys-common-pdf.def 2023-01-15 v3.1.10 (3.1.10)
)))
(C:/Users/awerneck/AppData/Local/Programs/MiKTeX/tex/generic/pgf/systemlayer/pg
fsyssoftpath.code.tex
File: pgfsyssoftpath.code.tex 2023-01-15 v3.1.10 (3.1.10)
\pgfsyssoftpath@smallbuffer@items=\count323
\pgfsyssoftpath@bigbuffer@items=\count324
)
(C:/Users/awerneck/AppData/Local/Programs/MiKTeX/tex/generic/pgf/systemlayer/pg
fsysprotocol.code.tex
File: pgfsysprotocol.code.tex 2023-01-15 v3.1.10 (3.1.10)
))
(C:/Users/awerneck/AppData/Local/Programs/MiKTeX/tex/generic/pgf/basiclayer/pgf
core.code.tex
Package: pgfcore 2023-01-15 v3.1.10 (3.1.10)

(C:/Users/awerneck/AppData/Local/Programs/MiKTeX/tex/generic/pgf/math/pgfmath.c
ode.tex
(C:/Users/awerneck/AppData/Local/Programs/MiKTeX/tex/generic/pgf/math/pgfmathut
il.code.tex)
(C:/Users/awerneck/AppData/Local/Programs/MiKTeX/tex/generic/pgf/math/pgfmathpa
rser.code.tex
\pgfmath@dimen=\dimen182
\pgfmath@count=\count325
\pgfmath@box=\box66
\pgfmath@toks=\toks34
\pgfmath@stack@operand=\toks35
\pgfmath@stack@operation=\toks36
)
(C:/Users/awerneck/AppData/Local/Programs/MiKTeX/tex/generic/pgf/math/pgfmathfu
nctions.code.tex)
(C:/Users/awerneck/AppData/Local/Programs/MiKTeX/tex/generic/pgf/math/pgfmathfu
nctions.basic.code.tex)
(C:/Users/awerneck/AppData/Local/Programs/MiKTeX/tex/generic/pgf/math/pgfmathfu
nctions.trigonometric.code.tex)
(C:/Users/awerneck/AppData/Local/Programs/MiKTeX/tex/generic/pgf/math/pgfmathfu
nctions.random.code.tex)
(C:/Users/awerneck/AppData/Local/Programs/MiKTeX/tex/generic/pgf/math/pgfmathfu
nctions.comparison.code.tex)
(C:/Users/awerneck/AppData/Local/Programs/MiKTeX/tex/generic/pgf/math/pgfmathfu
nctions.base.code.tex)
(C:/Users/awerneck/AppData/Local/Programs/MiKTeX/tex/generic/pgf/math/pgfmathfu
nctions.round.code.tex)
(C:/Users/awerneck/AppData/Local/Programs/MiKTeX/tex/generic/pgf/math/pgfmathfu
nctions.misc.code.tex)
(C:/Users/awerneck/AppData/Local/Programs/MiKTeX/tex/generic/pgf/math/pgfmathfu
nctions.integerarithmetics.code.tex)
(C:/Users/awerneck/AppData/Local/Programs/MiKTeX/tex/generic/pgf/math/pgfmathca
lc.code.tex)
(C:/Users/awerneck/AppData/Local/Programs/MiKTeX/tex/generic/pgf/math/pgfmathfl
oat.code.tex
\c@pgfmathroundto@lastzeros=\count326
))
(C:/Users/awerneck/AppData/Local/Programs/MiKTeX/tex/generic/pgf/math/pgfint.co
de.tex)
(C:/Users/awerneck/AppData/Local/Programs/MiKTeX/tex/generic/pgf/basiclayer/pgf
corepoints.code.tex
File: pgfcorepoints.code.tex 2023-01-15 v3.1.10 (3.1.10)
\pgf@picminx=\dimen183
\pgf@picmaxx=\dimen184
\pgf@picminy=\dimen185
\pgf@picmaxy=\dimen186
\pgf@pathminx=\dimen187
\pgf@pathmaxx=\dimen188
\pgf@pathminy=\dimen189
\pgf@pathmaxy=\dimen190
\pgf@xx=\dimen191
\pgf@xy=\dimen192
\pgf@yx=\dimen193
\pgf@yy=\dimen194
\pgf@zx=\dimen195
\pgf@zy=\dimen196
)
(C:/Users/awerneck/AppData/Local/Programs/MiKTeX/tex/generic/pgf/basiclayer/pgf
corepathconstruct.code.tex
File: pgfcorepathconstruct.code.tex 2023-01-15 v3.1.10 (3.1.10)
\pgf@path@lastx=\dimen197
\pgf@path@lasty=\dimen198
)
(C:/Users/awerneck/AppData/Local/Programs/MiKTeX/tex/generic/pgf/basiclayer/pgf
corepathusage.code.tex
File: pgfcorepathusage.code.tex 2023-01-15 v3.1.10 (3.1.10)
\pgf@shorten@end@additional=\dimen199
\pgf@shorten@start@additional=\dimen256
)
(C:/Users/awerneck/AppData/Local/Programs/MiKTeX/tex/generic/pgf/basiclayer/pgf
corescopes.code.tex
File: pgfcorescopes.code.tex 2023-01-15 v3.1.10 (3.1.10)
\pgfpic=\box67
\pgf@hbox=\box68
\pgf@layerbox@main=\box69
\pgf@picture@serial@count=\count327
)
(C:/Users/awerneck/AppData/Local/Programs/MiKTeX/tex/generic/pgf/basiclayer/pgf
coregraphicstate.code.tex
File: pgfcoregraphicstate.code.tex 2023-01-15 v3.1.10 (3.1.10)
\pgflinewidth=\dimen257
)
(C:/Users/awerneck/AppData/Local/Programs/MiKTeX/tex/generic/pgf/basiclayer/pgf
coretransformations.code.tex
File: pgfcoretransformations.code.tex 2023-01-15 v3.1.10 (3.1.10)
\pgf@pt@x=\dimen258
\pgf@pt@y=\dimen259
\pgf@pt@temp=\dimen260
)
(C:/Users/awerneck/AppData/Local/Programs/MiKTeX/tex/generic/pgf/basiclayer/pgf
corequick.code.tex
File: pgfcorequick.code.tex 2023-01-15 v3.1.10 (3.1.10)
)
(C:/Users/awerneck/AppData/Local/Programs/MiKTeX/tex/generic/pgf/basiclayer/pgf
coreobjects.code.tex
File: pgfcoreobjects.code.tex 2023-01-15 v3.1.10 (3.1.10)
)
(C:/Users/awerneck/AppData/Local/Programs/MiKTeX/tex/generic/pgf/basiclayer/pgf
corepathprocessing.code.tex
File: pgfcorepathprocessing.code.tex 2023-01-15 v3.1.10 (3.1.10)
)
(C:/Users/awerneck/AppData/Local/Programs/MiKTeX/tex/generic/pgf/basiclayer/pgf
corearrows.code.tex
File: pgfcorearrows.code.tex 2023-01-15 v3.1.10 (3.1.10)
\pgfarrowsep=\dimen261
)
(C:/Users/awerneck/AppData/Local/Programs/MiKTeX/tex/generic/pgf/basiclayer/pgf
coreshade.code.tex
File: pgfcoreshade.code.tex 2023-01-15 v3.1.10 (3.1.10)
\pgf@max=\dimen262
\pgf@sys@shading@range@num=\count328
\pgf@shadingcount=\count329
)
(C:/Users/awerneck/AppData/Local/Programs/MiKTeX/tex/generic/pgf/basiclayer/pgf
coreimage.code.tex
File: pgfcoreimage.code.tex 2023-01-15 v3.1.10 (3.1.10)
)
(C:/Users/awerneck/AppData/Local/Programs/MiKTeX/tex/generic/pgf/basiclayer/pgf
coreexternal.code.tex
File: pgfcoreexternal.code.tex 2023-01-15 v3.1.10 (3.1.10)
\pgfexternal@startupbox=\box70
)
(C:/Users/awerneck/AppData/Local/Programs/MiKTeX/tex/generic/pgf/basiclayer/pgf
corelayers.code.tex
File: pgfcorelayers.code.tex 2023-01-15 v3.1.10 (3.1.10)
)
(C:/Users/awerneck/AppData/Local/Programs/MiKTeX/tex/generic/pgf/basiclayer/pgf
coretransparency.code.tex
File: pgfcoretransparency.code.tex 2023-01-15 v3.1.10 (3.1.10)
)
(C:/Users/awerneck/AppData/Local/Programs/MiKTeX/tex/generic/pgf/basiclayer/pgf
corepatterns.code.tex
File: pgfcorepatterns.code.tex 2023-01-15 v3.1.10 (3.1.10)
)
(C:/Users/awerneck/AppData/Local/Programs/MiKTeX/tex/generic/pgf/basiclayer/pgf
corerdf.code.tex
File: pgfcorerdf.code.tex 2023-01-15 v3.1.10 (3.1.10)
)))
(C:/Users/awerneck/AppData/Local/Programs/MiKTeX/tex/generic/pgf/modules/pgfmod
uleshapes.code.tex
File: pgfmoduleshapes.code.tex 2023-01-15 v3.1.10 (3.1.10)
\pgfnodeparttextbox=\box71
)
(C:/Users/awerneck/AppData/Local/Programs/MiKTeX/tex/generic/pgf/modules/pgfmod
uleplot.code.tex
File: pgfmoduleplot.code.tex 2023-01-15 v3.1.10 (3.1.10)
)
(C:/Users/awerneck/AppData/Local/Programs/MiKTeX/tex/latex/pgf/compatibility/pg
fcomp-version-0-65.sty
Package: pgfcomp-version-0-65 2023-01-15 v3.1.10 (3.1.10)
\pgf@nodesepstart=\dimen263
\pgf@nodesepend=\dimen264
)
(C:/Users/awerneck/AppData/Local/Programs/MiKTeX/tex/latex/pgf/compatibility/pg
fcomp-version-1-18.sty
Package: pgfcomp-version-1-18 2023-01-15 v3.1.10 (3.1.10)
))
(C:/Users/awerneck/AppData/Local/Programs/MiKTeX/tex/latex/pgf/utilities/pgffor
.sty
(C:/Users/awerneck/AppData/Local/Programs/MiKTeX/tex/latex/pgf/math/pgfmath.sty

(C:/Users/awerneck/AppData/Local/Programs/MiKTeX/tex/generic/pgf/math/pgfmath.c
ode.tex))
(C:/Users/awerneck/AppData/Local/Programs/MiKTeX/tex/generic/pgf/utilities/pgff
or.code.tex
Package: pgffor 2023-01-15 v3.1.10 (3.1.10)
\pgffor@iter=\dimen265
\pgffor@skip=\dimen266
\pgffor@stack=\toks37
\pgffor@toks=\toks38
))
(C:/Users/awerneck/AppData/Local/Programs/MiKTeX/tex/generic/pgf/frontendlayer/
tikz/tikz.code.tex
Package: tikz 2023-01-15 v3.1.10 (3.1.10)

(C:/Users/awerneck/AppData/Local/Programs/MiKTeX/tex/generic/pgf/libraries/pgfl
ibraryplothandlers.code.tex
File: pgflibraryplothandlers.code.tex 2023-01-15 v3.1.10 (3.1.10)
\pgf@plot@mark@count=\count330
\pgfplotmarksize=\dimen267
)
\tikz@lastx=\dimen268
\tikz@lasty=\dimen269
\tikz@lastxsaved=\dimen270
\tikz@lastysaved=\dimen271
\tikz@lastmovetox=\dimen272
\tikz@lastmovetoy=\dimen273
\tikzleveldistance=\dimen274
\tikzsiblingdistance=\dimen275
\tikz@figbox=\box72
\tikz@figbox@bg=\box73
\tikz@tempbox=\box74
\tikz@tempbox@bg=\box75
\tikztreelevel=\count331
\tikznumberofchildren=\count332
\tikznumberofcurrentchild=\count333
\tikz@fig@count=\count334

(C:/Users/awerneck/AppData/Local/Programs/MiKTeX/tex/generic/pgf/modules/pgfmod
ulematrix.code.tex
File: pgfmodulematrix.code.tex 2023-01-15 v3.1.10 (3.1.10)
\pgfmatrixcurrentrow=\count335
\pgfmatrixcurrentcolumn=\count336
\pgf@matrix@numberofcolumns=\count337
)
\tikz@expandcount=\count338

(C:/Users/awerneck/AppData/Local/Programs/MiKTeX/tex/generic/pgf/frontendlayer/
tikz/libraries/tikzlibrarytopaths.code.tex
File: tikzlibrarytopaths.code.tex 2023-01-15 v3.1.10 (3.1.10)
)))
(C:/Users/awerneck/AppData/Local/Programs/MiKTeX/tex/latex/fontspec/fontspec.st
y
Package: fontspec 2022/01/15 v2.8a Font selection for XeLaTeX and LuaLaTeX
Lua module: fontspec 2022/01/15 2.8a Font selection for XeLaTeX and LuaLaTeX
(C:/Users/awerneck/AppData/Local/Programs/MiKTeX/tex/latex/fontspec/fontspec-lu
atex.sty
Package: fontspec-luatex 2022/01/15 v2.8a Font selection for XeLaTeX and LuaLaT
eX
\l__fontspec_script_int=\count339
\l__fontspec_language_int=\count340
\l__fontspec_strnum_int=\count341
\l__fontspec_tmp_int=\count342
\l__fontspec_tmpa_int=\count343
\l__fontspec_tmpb_int=\count344
\l__fontspec_tmpc_int=\count345
\l__fontspec_em_int=\count346
\l__fontspec_emdef_int=\count347
\l__fontspec_strong_int=\count348
\l__fontspec_strongdef_int=\count349
\l__fontspec_tmpa_dim=\dimen276
\l__fontspec_tmpb_dim=\dimen277
\l__fontspec_tmpc_dim=\dimen278

(C:/Users/awerneck/AppData/Local/Programs/MiKTeX/tex/latex/base/fontenc.sty
Package: fontenc 2021/04/29 v2.0v Standard LaTeX package
)
(C:/Users/awerneck/AppData/Local/Programs/MiKTeX/tex/latex/fontspec/fontspec.cf
g)))
(C:/Users/awerneck/AppData/Local/Programs/MiKTeX/tex/latex/changepage/changepag
e.sty
Package: changepage 2009/10/20 v1.0c check page and change page layout
\c@cp@cntr=\count350
\cp@tempcnt=\count351
)
(C:/Users/awerneck/AppData/Local/Programs/MiKTeX/tex/latex/pdfpages/pdfpages.st
y
Package: pdfpages 2022/12/19 v0.5x Insert pages of external PDF documents (AM)
 (C:/Users/awerneck/AppData/Local/Programs/MiKTeX/tex/latex/tools/calc.sty
Package: calc 2017/05/25 v4.3 Infix arithmetic (KKT,FJ)
\calc@Acount=\count352
\calc@Bcount=\count353
\calc@Adimen=\dimen279
\calc@Bdimen=\dimen280
\calc@Askip=\skip131
\calc@Bskip=\skip132
LaTeX Info: Redefining \setlength on input line 80.
LaTeX Info: Redefining \addtolength on input line 81.
\calc@Ccount=\count354
\calc@Cskip=\skip133
)
(C:/Users/awerneck/AppData/Local/Programs/MiKTeX/tex/latex/eso-pic/eso-pic.sty
Package: eso-pic 2023/05/03 v3.0c eso-pic (RN)
\ESO@tempdima=\dimen281
\ESO@tempdimb=\dimen282
)
\AM@pagewidth=\dimen283
\AM@pageheight=\dimen284
\AM@fboxrule=\dimen285

(C:/Users/awerneck/AppData/Local/Programs/MiKTeX/tex/latex/pdfpages/ppluatex.de
f
File: ppluatex.def 2022/12/19 v0.5x Pdfpages driver for LuaTeX (AM)
)
\pdfpages@includegraphics@status=\count355
\AM@pagebox=\box76
\AM@global@opts=\toks39
\AM@pagecnt=\count356
\AM@toc@title=\toks40
\AM@lof@heading=\toks41
\c@AM@survey=\count357
\AM@templatesizebox=\box77
)
(C:/Users/awerneck/AppData/Local/Programs/MiKTeX/tex/latex/multirow/multirow.st
y
Package: multirow 2021/03/15 v2.8 Span multiple rows of a table
\multirow@colwidth=\skip134
\multirow@cntb=\count358
\multirow@dima=\skip135
\bigstrutjot=\dimen286
)
(C:/Users/awerneck/AppData/Local/Programs/MiKTeX/tex/latex/tools/tabularx.sty
Package: tabularx 2020/01/15 v2.11c `tabularx' package (DPC)

(C:/Users/awerneck/AppData/Local/Programs/MiKTeX/tex/latex/tools/array.sty
Package: array 2022/09/04 v2.5g Tabular extension package (FMi)
\col@sep=\dimen287
\ar@mcellbox=\box78
\extrarowheight=\dimen288
\NC@list=\toks42
\extratabsurround=\skip136
\backup@length=\skip137
\ar@cellbox=\box79
)
\TX@col@width=\dimen289
\TX@old@table=\dimen290
\TX@old@col=\dimen291
\TX@target=\dimen292
\TX@delta=\dimen293
\TX@cols=\count359
\TX@ftn=\toks43
)
(C:/Users/awerneck/AppData/Local/Programs/MiKTeX/tex/latex/tocloft/tocloft.sty
Package: tocloft 2017/08/31 v2.3i parameterised ToC, etc., typesetting
Package tocloft Info: The document has chapter divisions on input line 51.
\cftparskip=\skip138
\cftbeforetoctitleskip=\skip139
\cftaftertoctitleskip=\skip140
\cftbeforepartskip=\skip141
\cftpartnumwidth=\skip142
\cftpartindent=\skip143
\cftbeforechapskip=\skip144
\cftchapindent=\skip145
\cftchapnumwidth=\skip146
\cftbeforesecskip=\skip147
\cftsecindent=\skip148
\cftsecnumwidth=\skip149
\cftbeforesubsecskip=\skip150
\cftsubsecindent=\skip151
\cftsubsecnumwidth=\skip152
\cftbeforesubsubsecskip=\skip153
\cftsubsubsecindent=\skip154
\cftsubsubsecnumwidth=\skip155
\cftbeforeparaskip=\skip156
\cftparaindent=\skip157
\cftparanumwidth=\skip158
\cftbeforesubparaskip=\skip159
\cftsubparaindent=\skip160
\cftsubparanumwidth=\skip161
\cftbeforeloftitleskip=\skip162
\cftafterloftitleskip=\skip163
\cftbeforefigskip=\skip164
\cftfigindent=\skip165
\cftfignumwidth=\skip166
\c@lofdepth=\count360
\c@lotdepth=\count361
\cftbeforelottitleskip=\skip167
\cftafterlottitleskip=\skip168
\cftbeforetabskip=\skip169
\cfttabindent=\skip170
\cfttabnumwidth=\skip171
)
(C:/Users/awerneck/AppData/Local/Programs/MiKTeX/tex/latex/hyperref/hyperref.st
y
Package: hyperref 2023-04-22 v7.00x Hypertext links for LaTeX

(C:/Users/awerneck/AppData/Local/Programs/MiKTeX/tex/generic/pdfescape/pdfescap
e.sty
Package: pdfescape 2019/12/09 v1.15 Implements pdfTeX's escape features (HO)
)
(C:/Users/awerneck/AppData/Local/Programs/MiKTeX/tex/latex/hycolor/hycolor.sty
Package: hycolor 2020-01-27 v1.10 Color options for hyperref/bookmark (HO)
)
(C:/Users/awerneck/AppData/Local/Programs/MiKTeX/tex/latex/letltxmacro/letltxma
cro.sty
Package: letltxmacro 2019/12/03 v1.6 Let assignment for LaTeX macros (HO)
)
(C:/Users/awerneck/AppData/Local/Programs/MiKTeX/tex/latex/hyperref/nameref.sty
Package: nameref 2022-05-17 v2.50 Cross-referencing by name of section

(C:/Users/awerneck/AppData/Local/Programs/MiKTeX/tex/latex/refcount/refcount.st
y
Package: refcount 2019/12/15 v3.6 Data extraction from label references (HO)
)
(C:/Users/awerneck/AppData/Local/Programs/MiKTeX/tex/generic/gettitlestring/get
titlestring.sty
Package: gettitlestring 2019/12/15 v1.6 Cleanup title references (HO)
)
\c@section@level=\count362
)
\@linkdim=\dimen294
\Hy@linkcounter=\count363
\Hy@pagecounter=\count364

(C:/Users/awerneck/AppData/Local/Programs/MiKTeX/tex/latex/hyperref/pd1enc.def
File: pd1enc.def 2023-04-22 v7.00x Hyperref: PDFDocEncoding definition (HO)
)
(C:/Users/awerneck/AppData/Local/Programs/MiKTeX/tex/generic/intcalc/intcalc.st
y
Package: intcalc 2019/12/15 v1.3 Expandable calculations with integers (HO)
)
\Hy@SavedSpaceFactor=\count365

(C:/Users/awerneck/AppData/Local/Programs/MiKTeX/tex/latex/hyperref/puenc.def
File: puenc.def 2023-04-22 v7.00x Hyperref: PDF Unicode definition (HO)
)
Package hyperref Info: Hyper figures OFF on input line 4182.
Package hyperref Info: Link nesting OFF on input line 4187.
Package hyperref Info: Hyper index ON on input line 4190.
Package hyperref Info: Plain pages OFF on input line 4197.
Package hyperref Info: Backreferencing OFF on input line 4202.
Package hyperref Info: Implicit mode ON; LaTeX internals redefined.
Package hyperref Info: Bookmarks ON on input line 4449.
\c@Hy@tempcnt=\count366

(C:/Users/awerneck/AppData/Local/Programs/MiKTeX/tex/latex/url/url.sty
\Urlmuskip=\muskip16
Package: url 2013/09/16  ver 3.4  Verb mode for urls, etc.
)
LaTeX Info: Redefining \url on input line 4787.
\XeTeXLinkMargin=\dimen295

(C:/Users/awerneck/AppData/Local/Programs/MiKTeX/tex/generic/bitset/bitset.sty
Package: bitset 2019/12/09 v1.3 Handle bit-vector datatype (HO)

(C:/Users/awerneck/AppData/Local/Programs/MiKTeX/tex/generic/bigintcalc/bigintc
alc.sty
Package: bigintcalc 2019/12/15 v1.5 Expandable calculations on big integers (HO
)
))
\Fld@menulength=\count367
\Field@Width=\dimen296
\Fld@charsize=\dimen297
Package hyperref Info: Hyper figures OFF on input line 6066.
Package hyperref Info: Link nesting OFF on input line 6071.
Package hyperref Info: Hyper index ON on input line 6074.
Package hyperref Info: backreferencing OFF on input line 6081.
Package hyperref Info: Link coloring OFF on input line 6086.
Package hyperref Info: Link coloring with OCG OFF on input line 6091.
Package hyperref Info: PDF/A mode OFF on input line 6096.
\Hy@abspage=\count368
\c@Item=\count369
\c@Hfootnote=\count370
)
Package hyperref Info: Driver (autodetected): hluatex.

(C:/Users/awerneck/AppData/Local/Programs/MiKTeX/tex/latex/hyperref/hluatex.def
File: hluatex.def 2023-04-22 v7.00x Hyperref driver for luaTeX

(C:/Users/awerneck/AppData/Local/Programs/MiKTeX/tex/generic/stringenc/stringen
c.sty
Package: stringenc 2019/11/29 v1.12 Convert strings between diff. encodings (HO
)
)
(C:/Users/awerneck/AppData/Local/Programs/MiKTeX/tex/latex/base/atveryend-ltx.s
ty
Package: atveryend-ltx 2020/08/19 v1.0a Emulation of the original atveryend pac
kage
with kernel methods
)
\Fld@listcount=\count371
\c@bookmark@seq@number=\count372

(C:/Users/awerneck/AppData/Local/Programs/MiKTeX/tex/latex/rerunfilecheck/rerun
filecheck.sty
Package: rerunfilecheck 2022-07-10 v1.10 Rerun checks for auxiliary files (HO)

(C:/Users/awerneck/AppData/Local/Programs/MiKTeX/tex/generic/uniquecounter/uniq
uecounter.sty
Package: uniquecounter 2019/12/15 v1.4 Provide unlimited unique counter (HO)
)
Package uniquecounter Info: New unique counter `rerunfilecheck' on input line 2
85.
)
\Hy@SectionHShift=\skip172
)
(C:/Users/awerneck/AppData/Local/Programs/MiKTeX/tex/latex/breakurl/breakurl.st
y
Package: breakurl 2013/04/10 v1.40 Breakable hyperref URLs
 (C:/Users/awerneck/AppData/Local/Programs/MiKTeX/tex/generic/iftex/ifpdf.sty
Package: ifpdf 2019/10/25 v3.4 ifpdf legacy package. Use iftex instead.
)

Package breakurl Warning: You are using breakurl while processing via pdflatex.

(breakurl)                \burl will be just a synonym of \url.
(breakurl)                 on input line 48.

) (C:/Users/awerneck/AppData/Local/Programs/MiKTeX/tex/latex/natbib/natbib.sty
Package: natbib 2010/09/13 8.31b (PWD, AO)
\bibhang=\skip173
\bibsep=\skip174
LaTeX Info: Redefining \cite on input line 694.
\c@NAT@ctr=\count373
)
(C:/Users/awerneck/AppData/Local/Programs/MiKTeX/tex/latex/todonotes/todonotes.
sty
Package: todonotes 2023/01/31 v1.1.6 Todonotes source and documentation.
Package: todonotes 2023/01/31

(C:/Users/awerneck/AppData/Local/Programs/MiKTeX/tex/generic/pgf/frontendlayer/
tikz/libraries/tikzlibrarypositioning.code.tex
File: tikzlibrarypositioning.code.tex 2023-01-15 v3.1.10 (3.1.10)
)
\c@@todonotes@numberoftodonotes=\count374
)

Package fontspec Info: Font family 'Calibri(0)' created for font 'Calibri'
(fontspec)             with options
(fontspec)             [Ligatures=TeX,Path=./CalibriFont/,Extension =
(fontspec)             .ttf,UprightFont=calibri,BoldFont=calibrib,ItalicFont=ca
librii,BoldItalicFont=calibriz].
(fontspec)              
(fontspec)              This font family consists of the following NFSS
(fontspec)             series/shapes:
(fontspec)              
(fontspec)             - 'normal' (m/n) with NFSS spec.:
(fontspec)             <->"[./CalibriFont/calibri.ttf]:mode=node;script=latn;la
nguage=dflt;+tlig;"
(fontspec)             - 'small caps'  (m/sc) with NFSS spec.:
(fontspec)             <->"[./CalibriFont/calibri.ttf]:mode=node;script=latn;la
nguage=dflt;+tlig;+smcp;"
(fontspec)             - 'bold' (b/n) with NFSS spec.:
(fontspec)             <->"[./CalibriFont/calibrib.ttf]:mode=node;script=latn;l
anguage=dflt;+tlig;"
(fontspec)             - 'bold small caps'  (b/sc) with NFSS spec.:
(fontspec)             <->"[./CalibriFont/calibrib.ttf]:mode=node;script=latn;l
anguage=dflt;+tlig;+smcp;"
(fontspec)             - 'italic' (m/it) with NFSS spec.:
(fontspec)             <->"[./CalibriFont/calibrii.ttf]:mode=node;script=latn;l
anguage=dflt;+tlig;"
(fontspec)             - 'italic small caps'  (m/scit) with NFSS spec.:
(fontspec)             <->"[./CalibriFont/calibrii.ttf]:mode=node;script=latn;l
anguage=dflt;+tlig;+smcp;"
(fontspec)             - 'bold italic' (b/it) with NFSS spec.:
(fontspec)             <->"[./CalibriFont/calibriz.ttf]:mode=node;script=latn;l
anguage=dflt;+tlig;"
(fontspec)             - 'bold italic small caps'  (b/scit) with NFSS spec.:
(fontspec)             <->"[./CalibriFont/calibriz.ttf]:mode=node;script=latn;l
anguage=dflt;+tlig;+smcp;"

\c@FramedDepth=\count375
 (./main.aux)
\openout1 = main.aux

LaTeX Font Info:    Checking defaults for OML/cmm/m/it on input line 136.
LaTeX Font Info:    ... okay on input line 136.
LaTeX Font Info:    Checking defaults for OMS/cmsy/m/n on input line 136.
LaTeX Font Info:    ... okay on input line 136.
LaTeX Font Info:    Checking defaults for OT1/cmr/m/n on input line 136.
LaTeX Font Info:    ... okay on input line 136.
LaTeX Font Info:    Checking defaults for T1/cmr/m/n on input line 136.
LaTeX Font Info:    ... okay on input line 136.
LaTeX Font Info:    Checking defaults for TS1/cmr/m/n on input line 136.
LaTeX Font Info:    Trying to load font information for TS1+cmr on input line 1
36.

(C:/Users/awerneck/AppData/Local/Programs/MiKTeX/tex/latex/base/ts1cmr.fd
File: ts1cmr.fd 2022/07/10 v2.5l Standard LaTeX font definitions
)
LaTeX Font Info:    ... okay on input line 136.
LaTeX Font Info:    Checking defaults for TU/lmr/m/n on input line 136.
LaTeX Font Info:    ... okay on input line 136.
LaTeX Font Info:    Checking defaults for OMX/cmex/m/n on input line 136.
LaTeX Font Info:    ... okay on input line 136.
LaTeX Font Info:    Checking defaults for U/cmr/m/n on input line 136.
LaTeX Font Info:    ... okay on input line 136.
LaTeX Font Info:    Checking defaults for PD1/pdf/m/n on input line 136.
LaTeX Font Info:    ... okay on input line 136.
LaTeX Font Info:    Checking defaults for PU/pdf/m/n on input line 136.
LaTeX Font Info:    ... okay on input line 136.

*geometry* driver: auto-detecting
*geometry* detected driver: luatex
*geometry* verbose mode - [ preamble ] result:
* driver: luatex
* paper: a4paper
* layout: <same size as paper>
* layoutoffset:(h,v)=(0.0pt,0.0pt)
* modes: 
* h-part:(L,W,R)=(56.9055pt, 491.09442pt, 49.50795pt)
* v-part:(T,H,B)=(128.0374pt, 644.73964pt, 72.2698pt)
* \paperwidth=597.50787pt
* \paperheight=845.04684pt
* \textwidth=491.09442pt
* \textheight=644.73964pt
* \oddsidemargin=-15.36449pt
* \evensidemargin=-15.36449pt
* \topmargin=-61.70404pt
* \headheight=99.58464pt
* \headsep=14.22636pt
* \topskip=12.0pt
* \footskip=30.0pt
* \marginparwidth=35.0pt
* \marginparsep=10.0pt
* \columnsep=10.0pt
* \skip\footins=10.8pt plus 4.0pt minus 2.0pt
* \hoffset=0.0pt
* \voffset=0.0pt
* \mag=1000
* \@twocolumnfalse
* \@twosidefalse
* \@mparswitchfalse
* \@reversemarginfalse
* (1in=72.27pt=25.4mm, 1cm=28.453pt)

\c@lstlisting=\count376

(C:/Users/awerneck/AppData/Local/Programs/MiKTeX/tex/latex/fmtcount/fc-english.
def
File: fc-english.def 2016/01/12
)
(C:/Users/awerneck/AppData/Local/Programs/MiKTeX/tex/context/base/mkii/supp-pdf
.mkii
[Loading MPS to PDF converter (version 2006.09.02).]
\scratchcounter=\count377
\scratchdimen=\dimen298
\scratchbox=\box80
\nofMPsegments=\count378
\nofMParguments=\count379
\everyMPshowfont=\toks44
\MPscratchCnt=\count380
\MPscratchDim=\dimen299
\MPnumerator=\count381
\makeMPintoPDFobject=\count382
\everyMPtoPDFconversion=\toks45
)
(C:/Users/awerneck/AppData/Local/Programs/MiKTeX/tex/latex/epstopdf-pkg/epstopd
f-base.sty
Package: epstopdf-base 2020-01-24 v2.11 Base part for package epstopdf
Package epstopdf-base Info: Redefining graphics rule for `.eps' on input line 4
85.

(C:/Users/awerneck/AppData/Local/Programs/MiKTeX/tex/latex/00miktex/epstopdf-sy
s.cfg
File: epstopdf-sys.cfg 2021/03/18 v2.0 Configuration of epstopdf for MiKTeX
))

Package fontspec Info: Adjusting the maths setup (use [no-math] to avoid
(fontspec)             this).

\symlegacymaths=\mathgroup4
LaTeX Font Info:    Overwriting symbol font `legacymaths' in version `bold'
(Font)                  OT1/cmr/m/n --> OT1/cmr/bx/n on input line 136.
LaTeX Font Info:    Redeclaring math accent \acute on input line 136.
LaTeX Font Info:    Redeclaring math accent \grave on input line 136.
LaTeX Font Info:    Redeclaring math accent \ddot on input line 136.
LaTeX Font Info:    Redeclaring math accent \tilde on input line 136.
LaTeX Font Info:    Redeclaring math accent \bar on input line 136.
LaTeX Font Info:    Redeclaring math accent \breve on input line 136.
LaTeX Font Info:    Redeclaring math accent \check on input line 136.
LaTeX Font Info:    Redeclaring math accent \hat on input line 136.
LaTeX Font Info:    Redeclaring math accent \dot on input line 136.
LaTeX Font Info:    Redeclaring math accent \mathring on input line 136.
LaTeX Font Info:    Redeclaring math symbol \colon on input line 136.
LaTeX Font Info:    Redeclaring math symbol \Gamma on input line 136.
LaTeX Font Info:    Redeclaring math symbol \Delta on input line 136.
LaTeX Font Info:    Redeclaring math symbol \Theta on input line 136.
LaTeX Font Info:    Redeclaring math symbol \Lambda on input line 136.
LaTeX Font Info:    Redeclaring math symbol \Xi on input line 136.
LaTeX Font Info:    Redeclaring math symbol \Pi on input line 136.
LaTeX Font Info:    Redeclaring math symbol \Sigma on input line 136.
LaTeX Font Info:    Redeclaring math symbol \Upsilon on input line 136.
LaTeX Font Info:    Redeclaring math symbol \Phi on input line 136.
LaTeX Font Info:    Redeclaring math symbol \Psi on input line 136.
LaTeX Font Info:    Redeclaring math symbol \Omega on input line 136.
LaTeX Font Info:    Redeclaring math symbol \mathdollar on input line 136.
LaTeX Font Info:    Redeclaring symbol font `operators' on input line 136.
LaTeX Font Info:    Encoding `OT1' has changed to `TU' for symbol font
(Font)              `operators' in the math version `normal' on input line 136.

LaTeX Font Info:    Overwriting symbol font `operators' in version `normal'
(Font)                  OT1/cmr/m/n --> TU/Calibri(0)/m/n on input line 136.
LaTeX Font Info:    Encoding `OT1' has changed to `TU' for symbol font
(Font)              `operators' in the math version `bold' on input line 136.
LaTeX Font Info:    Overwriting symbol font `operators' in version `bold'
(Font)                  OT1/cmr/bx/n --> TU/Calibri(0)/m/n on input line 136.
LaTeX Font Info:    Overwriting symbol font `operators' in version `normal'
(Font)                  TU/Calibri(0)/m/n --> TU/Calibri(0)/m/n on input line 1
36.
LaTeX Font Info:    Overwriting math alphabet `\mathit' in version `normal'
(Font)                  OT1/cmr/m/it --> TU/Calibri(0)/m/it on input line 136.
LaTeX Font Info:    Overwriting math alphabet `\mathbf' in version `normal'
(Font)                  OT1/cmr/bx/n --> TU/Calibri(0)/b/n on input line 136.
LaTeX Font Info:    Overwriting math alphabet `\mathsf' in version `normal'
(Font)                  OT1/cmss/m/n --> TU/Calibri(0)/m/n on input line 136.
LaTeX Font Info:    Overwriting math alphabet `\mathtt' in version `normal'
(Font)                  OT1/cmtt/m/n --> TU/lmtt/m/n on input line 136.
LaTeX Font Info:    Overwriting symbol font `operators' in version `bold'
(Font)                  TU/Calibri(0)/m/n --> TU/Calibri(0)/b/n on input line 1
36.
LaTeX Font Info:    Overwriting math alphabet `\mathit' in version `bold'
(Font)                  OT1/cmr/bx/it --> TU/Calibri(0)/b/it on input line 136.

LaTeX Font Info:    Overwriting math alphabet `\mathsf' in version `bold'
(Font)                  OT1/cmss/bx/n --> TU/Calibri(0)/b/n on input line 136.
LaTeX Font Info:    Overwriting math alphabet `\mathtt' in version `bold'
(Font)                  OT1/cmtt/m/n --> TU/lmtt/b/n on input line 136.

(C:/Users/awerneck/AppData/Local/Programs/MiKTeX/tex/latex/pdflscape/pdflscape.
sty
Package: pdflscape 2022-10-27 v0.13 Display of landscape pages in PDF

(C:/Users/awerneck/AppData/Local/Programs/MiKTeX/tex/latex/pdflscape/pdflscape-
nometadata.sty
Package: pdflscape-nometadata 2022-10-28 v0.13 Display of landscape pages in PD
F (HO)

(C:/Users/awerneck/AppData/Local/Programs/MiKTeX/tex/latex/graphics/lscape.sty
Package: lscape 2020/05/28 v3.02 Landscape Pages (DPC)
)
Package pdflscape Info: Auto-detected driver: pdftex on input line 81.
))
Package hyperref Info: Link coloring OFF on input line 136.
 (./main.out) (./main.out)
\@outlinefile=\write5

\openout5 = main.out


Package todonotes Warning: The length marginparwidth is less than 2cm and will 
most likely cause issues with the appearance of inserted todonotes. The issue c
an be solved by adding a line like \setlength {\marginparwidth }{2cm} prior to 
loading the todonotes package. on input line 136.

(./sections/cover_page.tex
<resources/c3s_banner_top.png, id=102, 597.432pt x 158.994pt>
File: resources/c3s_banner_top.png Graphic file (type png)
<use resources/c3s_banner_top.png>
Package luatex.def Info: resources/c3s_banner_top.png  used on input line 7.
(luatex.def)             Requested size: 597.50787pt x 159.02756pt.
<resources/copernicus_logo_large.png, id=103, 179.2296pt x 80.9424pt>
File: resources/copernicus_logo_large.png Graphic file (type png)
<use resources/copernicus_logo_large.png>
Package luatex.def Info: resources/copernicus_logo_large.png  used on input lin
e 10.
(luatex.def)             Requested size: 178.6833pt x 80.70012pt.
<resources/header_bar.png, id=104, 605.6226pt x 56.3706pt>
File: resources/header_bar.png Graphic file (type png)
<use resources/header_bar.png>
Package luatex.def Info: resources/header_bar.png  used on input line 21.
(luatex.def)             Requested size: 597.50787pt x 55.62039pt.
<resources/logo_thermometer.png, id=105, 33.726pt x 35.6532pt>
File: resources/logo_thermometer.png Graphic file (type png)
<use resources/logo_thermometer.png>
Package luatex.def Info: resources/logo_thermometer.png  used on input line 24.

(luatex.def)             Requested size: 33.7259pt x 35.65309pt.
luaotfload | cache : Lookup cache loaded from C:/Users/awerneck/AppData/Local/Mi
KTeX/luatex-cache/generic/names/luaotfload-lookup-cache.luc.

Package fontspec Info: Font family 'Verdana(0)' created for font 'Verdana'
(fontspec)             with options [].
(fontspec)              
(fontspec)              This font family consists of the following NFSS
(fontspec)             series/shapes:
(fontspec)              
(fontspec)             - 'normal' (m/n) with NFSS spec.:
(fontspec)             <->"Verdana:mode=node;script=latn;language=dflt;"
(fontspec)             - 'small caps'  (m/sc) with NFSS spec.:
(fontspec)             <->"Verdana:mode=node;script=latn;language=dflt;+smcp;"
(fontspec)             - 'bold' (b/n) with NFSS spec.:
(fontspec)             <->"Verdana/B:mode=node;script=latn;language=dflt;"
(fontspec)             - 'bold small caps'  (b/sc) with NFSS spec.:
(fontspec)             <->"Verdana/B:mode=node;script=latn;language=dflt;+smcp;
"
(fontspec)             - 'italic' (m/it) with NFSS spec.:
(fontspec)             <->"Verdana/I:mode=node;script=latn;language=dflt;"
(fontspec)             - 'italic small caps'  (m/scit) with NFSS spec.:
(fontspec)             <->"Verdana/I:mode=node;script=latn;language=dflt;+smcp;
"
(fontspec)             - 'bold italic' (b/it) with NFSS spec.:
(fontspec)             <->"Verdana/BI:mode=node;script=latn;language=dflt;"
(fontspec)             - 'bold italic small caps'  (b/scit) with NFSS spec.:
(fontspec)             <->"Verdana/BI:mode=node;script=latn;language=dflt;+smcp
;"


Overfull \hbox (3.2832pt too wide) in paragraph at lines 41--47
[]\TU/Calibri(0)/b/n/22 Coper-ni-cus Cli-mate Change Ser-vice Global Land
 []


Underfull \hbox (badness 10000) in paragraph at lines 41--47

 []


Underfull \hbox (badness 10000) in paragraph at lines 41--47

 []


Underfull \hbox (badness 10000) in paragraph at lines 49--54

 []

<resources/footer_bar.png, id=106, 608.0316pt x 86.724pt>
File: resources/footer_bar.png Graphic file (type png)
<use resources/footer_bar.png>
Package luatex.def Info: resources/footer_bar.png  used on input line 60.
(luatex.def)             Requested size: 597.50787pt x 85.22711pt.
<resources/copernicus_logo.png, id=107, 97.8054pt x 44.3256pt>
File: resources/copernicus_logo.png Graphic file (type png)
<use resources/copernicus_logo.png>
Package luatex.def Info: resources/copernicus_logo.png  used on input line 63.
(luatex.def)             Requested size: 97.80515pt x 44.32549pt.
<resources/ECMWF_logo.png, id=108, 114.6684pt x 26.9808pt>
File: resources/ECMWF_logo.png Graphic file (type png)
<use resources/ECMWF_logo.png>
Package luatex.def Info: resources/ECMWF_logo.png  used on input line 66.
(luatex.def)             Requested size: 114.6681pt x 26.98073pt.
<resources/ec_logo_small.png, id=109, 56.8524pt x 39.9894pt>
File: resources/ec_logo_small.png Graphic file (type png)
<use resources/ec_logo_small.png>
Package luatex.def Info: resources/ec_logo_small.png  used on input line 69.
(luatex.def)             Requested size: 56.85225pt x 39.98929pt.
) [1

{C:/Users/awerneck/AppData/Local/MiKTeX/fonts/map/pdftex/pdftex.map}<./resources
/c3s_banner_top.png><./resources/copernicus_logo_large.png><./resources/header_b
ar.png><./resources/logo_thermometer.png><./resources/footer_bar.png><./resource
s/copernicus_logo.png><./resources/ECMWF_logo.png><./resources/ec_logo_small.png
>] (./sections/front_matter.tex)
<resources/c3s_logo_small.png, id=126, 25.0536pt x 26.0172pt>
File: resources/c3s_logo_small.png Graphic file (type png)
<use resources/c3s_logo_small.png>
Package luatex.def Info: resources/c3s_logo_small.png  used on input line 139.
(luatex.def)             Requested size: 25.05353pt x 26.01712pt.
 [2<./resources/c3s_logo_small.png>]
(./sections/contributors.tex
Underfull \hbox (badness 10000) in paragraph at lines 8--9

 []

LaTeX Font Info:    External font `cmex10' loaded for size
(Font)              <12> on input line 12.
LaTeX Font Info:    External font `cmex10' loaded for size
(Font)              <8> on input line 12.
LaTeX Font Info:    External font `cmex10' loaded for size
(Font)              <6> on input line 12.
LaTeX Font Info:    External font `cmex10' loaded for size
(Font)              <7> on input line 12.
LaTeX Font Info:    External font `cmex10' loaded for size
(Font)              <5> on input line 12.
)
File: resources/c3s_logo_small.png Graphic file (type png)
<use resources/c3s_logo_small.png>
Package luatex.def Info: resources/c3s_logo_small.png  used on input line 141.
(luatex.def)             Requested size: 25.05353pt x 26.01712pt.
 [3] (./main.toc
LaTeX Font Info:    External font `cmex10' loaded for size
(Font)              <14.4> on input line 1.
)
\tf@toc=\write6

\openout6 = main.toc
File: resources/c3s_logo_small.png Graphic file (type png)
<use resources/c3s_logo_small.png>
Package luatex.def Info: resources/c3s_logo_small.png  used on input line 142.
(luatex.def)             Requested size: 25.05353pt x 26.01712pt.
 [4] (./sections/change_log.tex)
File: resources/c3s_logo_small.png Graphic file (type png)
<use resources/c3s_logo_small.png>
Package luatex.def Info: resources/c3s_logo_small.png  used on input line 150.
(luatex.def)             Requested size: 25.05353pt x 26.01712pt.
 [5] [6


]
(./sections/quick_start.tex

Package hyperref Warning: Difference (2) between bookmark levels is greater 
(hyperref)                than one, level fixed on input line 1.


Package hyperref Warning: Difference (2) between bookmark levels is greater 
(hyperref)                than one, level fixed on input line 2.


Package natbib Warning: Citation `Freeman2017' on page 7 undefined on input lin
e 6.


Package natbib Warning: Citation `Liu2022' on page 7 undefined on input line 6.



Package natbib Warning: Citation `Bojinski2014' on page 7 undefined on input li
ne 19.


Package natbib Warning: Citation `craid' on page 7 undefined on input line 22.


Package natbib Warning: Citation `Kent2007' on page 7 undefined on input line 2
7.


Package natbib Warning: Citation `Freeman2017' on page 7 undefined on input lin
e 29.


Package natbib Warning: Citation `Chan2019' on page 7 undefined on input line 3
9.


Package natbib Warning: Citation `Willett2008' on page 7 undefined on input lin
e 40.

File: resources/c3s_logo_small.png Graphic file (type png)
<use resources/c3s_logo_small.png>
Package luatex.def Info: resources/c3s_logo_small.png  used on input line 47.
(luatex.def)             Requested size: 25.05353pt x 26.01712pt.
[7]

LaTeX Warning: `h' float specifier changed to `ht'.

<resources/ecv_coverage_ts_grid.png, id=209, 711.6186pt x 683.1924pt>
File: resources/ecv_coverage_ts_grid.png Graphic file (type png)
<use resources/ecv_coverage_ts_grid.png>
Package luatex.def Info: resources/ecv_coverage_ts_grid.png  used on input line
 96.
(luatex.def)             Requested size: 368.32082pt x 353.61499pt.

Underfull \hbox (badness 10000) in paragraph at lines 97--97

 []


LaTeX Warning: `h' float specifier changed to `ht'.

File: resources/c3s_logo_small.png Graphic file (type png)
<use resources/c3s_logo_small.png>
Package luatex.def Info: resources/c3s_logo_small.png  used on input line 111.
(luatex.def)             Requested size: 25.05353pt x 26.01712pt.
[8]
<resources/header-reports-map-optimal.png, id=224, 241.02045pt x 165.85965pt>
File: resources/header-reports-map-optimal.png Graphic file (type png)
<use resources/header-reports-map-optimal.png>
Package luatex.def Info: resources/header-reports-map-optimal.png  used on inpu
t line 115.
(luatex.def)             Requested size: 241.01984pt x 165.85924pt.
<resources/header-months-map-optimal.png, id=225, 241.02045pt x 165.85965pt>
File: resources/header-months-map-optimal.png Graphic file (type png)
<use resources/header-months-map-optimal.png>
Package luatex.def Info: resources/header-months-map-optimal.png  used on input
 line 116.
(luatex.def)             Requested size: 241.01984pt x 165.85924pt.

Underfull \hbox (badness 10000) in paragraph at lines 117--117

 []


LaTeX Warning: `h' float specifier changed to `ht'.

File: resources/c3s_logo_small.png Graphic file (type png)
<use resources/c3s_logo_small.png>
Package luatex.def Info: resources/c3s_logo_small.png  used on input line 121.
(luatex.def)             Requested size: 25.05353pt x 26.01712pt.
[9<./resources/ecv_coverage_ts_grid.png>]
File: resources/c3s_logo_small.png Graphic file (type png)
<use resources/c3s_logo_small.png>
Package luatex.def Info: resources/c3s_logo_small.png  used on input line 133.
(luatex.def)             Requested size: 25.05353pt x 26.01712pt.
 [10<./resources/header-reports-map-optimal.png><./resources/header-months-map-o
ptimal.png>]
File: resources/c3s_logo_small.png Graphic file (type png)
<use resources/c3s_logo_small.png>
Package luatex.def Info: resources/c3s_logo_small.png  used on input line 133.
(luatex.def)             Requested size: 25.05353pt x 26.01712pt.
 [11]
<resources/cds_variable_select.png, id=267, 699.61375pt x 172.645pt>
File: resources/cds_variable_select.png Graphic file (type png)
<use resources/cds_variable_select.png>
Package luatex.def Info: resources/cds_variable_select.png  used on input line 
137.
(luatex.def)             Requested size: 368.32082pt x 90.89287pt.

Underfull \hbox (badness 10000) in paragraph at lines 138--138

 []

<resources/cds_qc_select.png, id=268, 699.61375pt x 174.6525pt>
File: resources/cds_qc_select.png Graphic file (type png)
<use resources/cds_qc_select.png>
Package luatex.def Info: resources/cds_qc_select.png  used on input line 147.
(luatex.def)             Requested size: 368.32082pt x 91.94977pt.

Underfull \hbox (badness 10000) in paragraph at lines 148--148

 []

<resources/cds_year_select.png, id=269, 697.60625pt x 652.4375pt>
File: resources/cds_year_select.png Graphic file (type png)
<use resources/cds_year_select.png>
Package luatex.def Info: resources/cds_year_select.png  used on input line 156.

(luatex.def)             Requested size: 368.32082pt x 344.4761pt.

Underfull \hbox (badness 10000) in paragraph at lines 157--157

 []

<resources/cds_month_select.png, id=270, 698.61pt x 293.095pt>
File: resources/cds_month_select.png Graphic file (type png)
<use resources/cds_month_select.png>
Package luatex.def Info: resources/cds_month_select.png  used on input line 165
.
(luatex.def)             Requested size: 368.32082pt x 154.52565pt.

Underfull \hbox (badness 10000) in paragraph at lines 166--166

 []

<resources/cds_day_select.png, id=271, 698.61pt x 347.2975pt>
File: resources/cds_day_select.png Graphic file (type png)
<use resources/cds_day_select.png>
Package luatex.def Info: resources/cds_day_select.png  used on input line 174.
(luatex.def)             Requested size: 368.32082pt x 183.10231pt.

Underfull \hbox (badness 10000) in paragraph at lines 175--175

 []

<resources/cds_area_select.png, id=272, 697.60625pt x 514.92375pt>
File: resources/cds_area_select.png Graphic file (type png)
<use resources/cds_area_select.png>
Package luatex.def Info: resources/cds_area_select.png  used on input line 183.

(luatex.def)             Requested size: 368.32082pt x 271.87114pt.

Underfull \hbox (badness 10000) in paragraph at lines 184--184

 []


Underfull \hbox (badness 10000) in paragraph at lines 212--212

 []

File: resources/c3s_logo_small.png Graphic file (type png)
<use resources/c3s_logo_small.png>
Package luatex.def Info: resources/c3s_logo_small.png  used on input line 217.
(luatex.def)             Requested size: 25.05353pt x 26.01712pt.
[12

<./resources/cds_variable_select.png><./resources/cds_qc_select.png>]
File: resources/c3s_logo_small.png Graphic file (type png)
<use resources/c3s_logo_small.png>
Package luatex.def Info: resources/c3s_logo_small.png  used on input line 217.
(luatex.def)             Requested size: 25.05353pt x 26.01712pt.

[13<./resources/cds_year_select.png><./resources/cds_month_select.png>]
File: resources/c3s_logo_small.png Graphic file (type png)
<use resources/c3s_logo_small.png>
Package luatex.def Info: resources/c3s_logo_small.png  used on input line 217.
(luatex.def)             Requested size: 25.05353pt x 26.01712pt.

[14<./resources/cds_day_select.png><./resources/cds_area_select.png>]
Underfull \hbox (badness 5667) in paragraph at lines 239--239
\TU/Calibri(0)/m/n/12 <version>-<uid>-<field>, e.g. ICOADS-30-
 []


Underfull \hbox (badness 10000) in paragraph at lines 239--239
[]|\TU/Calibri(0)/m/n/12 times-tamp
 []


Underfull \hbox (badness 10000) in paragraph at lines 239--239
\TU/Calibri(0)/m/n/12 with time zone
 []


Underfull \hbox (badness 10000) in paragraph at lines 239--239
\TU/Calibri(0)/m/n/12 (YYYY-MM-DD
 []


Underfull \hbox (badness 10000) in paragraph at lines 239--239
[]|\TU/Calibri(0)/m/n/12 ob-ser-va-
 []


Underfull \hbox (badness 10000) in paragraph at lines 239--239
\TU/Calibri(0)/m/n/12 tion_height_above_sta-
 []

File: resources/c3s_logo_small.png Graphic file (type png)
<use resources/c3s_logo_small.png>
Package luatex.def Info: resources/c3s_logo_small.png  used on input line 239.
(luatex.def)             Requested size: 25.05353pt x 26.01712pt.
[15])
File: resources/c3s_logo_small.png Graphic file (type png)
<use resources/c3s_logo_small.png>
Package luatex.def Info: resources/c3s_logo_small.png  used on input line 152.
(luatex.def)             Requested size: 25.05353pt x 26.01712pt.
 [16] [17


] (./sections/data_sources.tex

Package hyperref Warning: Difference (2) between bookmark levels is greater 
(hyperref)                than one, level fixed on input line 1.


Package hyperref Warning: Difference (2) between bookmark levels is greater 
(hyperref)                than one, level fixed on input line 2.


Package natbib Warning: Citation `Smith2019' on page 18 undefined on input line
 8.


Package natbib Warning: Citation `Woodruff1987' on page 18 undefined on input l
ine 16.


Package natbib Warning: Citation `Worley2005' on page 18 undefined on input lin
e 25.


Package natbib Warning: Citation `Freeman2017' on page 18 undefined on input li
ne 26.


Package natbib Warning: Citation `Liu2022' on page 18 undefined on input line 2
7.

File: resources/c3s_logo_small.png Graphic file (type png)
<use resources/c3s_logo_small.png>
Package luatex.def Info: resources/c3s_logo_small.png  used on input line 29.
(luatex.def)             Requested size: 25.05353pt x 26.01712pt.
[18]

Package natbib Warning: Citation `Woodruff1987' on page 19 undefined on input l
ine 36.


Package natbib Warning: Citation `Freeman2017' on page 19 undefined on input li
ne 36.


Package natbib Warning: Citation `Kent2007' on page 19 undefined on input line 
43.


Package natbib Warning: Citation `DBCP2022' on page 19 undefined on input line 
53.


Package natbib Warning: Citation `Coriolis2021' on page 19 undefined on input l
ine 53.

File: resources/c3s_logo_small.png Graphic file (type png)
<use resources/c3s_logo_small.png>
Package luatex.def Info: resources/c3s_logo_small.png  used on input line 55.
(luatex.def)             Requested size: 25.05353pt x 26.01712pt.
[19]
<resources/nreports-ts.png, id=337, 495.7722pt x 205.7286pt>
File: resources/nreports-ts.png Graphic file (type png)
<use resources/nreports-ts.png>
Package luatex.def Info: resources/nreports-ts.png  used on input line 69.
(luatex.def)             Requested size: 392.87703pt x 163.03548pt.

Underfull \hbox (badness 10000) in paragraph at lines 70--70

 []

File: resources/header-reports-map-optimal.png Graphic file (type png)
<use resources/header-reports-map-optimal.png>
Package luatex.def Info: resources/header-reports-map-optimal.png  used on inpu
t line 76.
(luatex.def)             Requested size: 241.01984pt x 165.85924pt.
File: resources/header-months-map-optimal.png Graphic file (type png)
<use resources/header-months-map-optimal.png>
Package luatex.def Info: resources/header-months-map-optimal.png  used on input
 line 77.
(luatex.def)             Requested size: 241.01984pt x 165.85924pt.

Underfull \hbox (badness 10000) in paragraph at lines 78--78

 []


LaTeX Warning: `h' float specifier changed to `ht'.

<resources/header-nreports_hovmoller_monthly.png, id=338, 465.9006pt x 127.677p
t>
File: resources/header-nreports_hovmoller_monthly.png Graphic file (type png)
<use resources/header-nreports_hovmoller_monthly.png>
Package luatex.def Info: resources/header-nreports_hovmoller_monthly.png  used 
on input line 84.
(luatex.def)             Requested size: 465.89946pt x 127.67668pt.

Underfull \hbox (badness 10000) in paragraph at lines 85--85

 []

File: resources/c3s_logo_small.png Graphic file (type png)
<use resources/c3s_logo_small.png>
Package luatex.def Info: resources/c3s_logo_small.png  used on input line 89.
(luatex.def)             Requested size: 25.05353pt x 26.01712pt.
[20<./resources/nreports-ts.png>]

Package natbib Warning: Citation `Kent2007' on page 21 undefined on input line 
93.


Package natbib Warning: Citation `Kent2007' on page 21 undefined on input line 
95.


Package natbib Warning: Citation `Woodruff2011' on page 21 undefined on input l
ine 95.

File: resources/c3s_logo_small.png Graphic file (type png)
<use resources/c3s_logo_small.png>
Package luatex.def Info: resources/c3s_logo_small.png  used on input line 107.
(luatex.def)             Requested size: 25.05353pt x 26.01712pt.
[21<./resources/header-nreports_hovmoller_monthly.png>]
<resources/brmh.png, id=359, 867.24pt x 361.35pt>
File: resources/brmh.png Graphic file (type png)
<use resources/brmh.png>
Package luatex.def Info: resources/brmh.png  used on input line 121.
(luatex.def)             Requested size: 512.1496pt x 213.40417pt.

Overfull \hbox (21.05518pt too wide) in paragraph at lines 121--122
[][] 
 []


Underfull \hbox (badness 10000) in paragraph at lines 122--122

 []


LaTeX Warning: `h' float specifier changed to `ht'.

File: resources/c3s_logo_small.png Graphic file (type png)
<use resources/c3s_logo_small.png>
Package luatex.def Info: resources/c3s_logo_small.png  used on input line 126.
(luatex.def)             Requested size: 25.05353pt x 26.01712pt.
[22]

Package natbib Warning: Citation `Berry2011' on page 23 undefined on input line
 134.


Package natbib Warning: Citation `Willett2008' on page 23 undefined on input li
ne 134.


Package natbib Warning: Citation `Rayner2003' on page 23 undefined on input lin
e 135.


Package natbib Warning: Citation `Berry2004' on page 23 undefined on input line
 136.


Package natbib Warning: Citation `Cornes2020' on page 23 undefined on input lin
e 137.


Package natbib Warning: Citation `Kent2013NMAT' on page 23 undefined on input l
ine 137.


Package natbib Warning: Citation `Rayner2003' on page 23 undefined on input lin
e 137.


Package natbib Warning: Citation `Chenoweth2000' on page 23 undefined on input 
line 138.

<resources/observations-at-mean-map-optimal.png, id=369, 241.02045pt x 165.8596
5pt>
File: resources/observations-at-mean-map-optimal.png Graphic file (type png)
<use resources/observations-at-mean-map-optimal.png>
Package luatex.def Info: resources/observations-at-mean-map-optimal.png  used o
n input line 143.
(luatex.def)             Requested size: 241.01984pt x 165.85924pt.
<resources/observations-dpt-mean-map-optimal.png, id=370, 241.02045pt x 165.859
65pt>
File: resources/observations-dpt-mean-map-optimal.png Graphic file (type png)
<use resources/observations-dpt-mean-map-optimal.png>
Package luatex.def Info: resources/observations-dpt-mean-map-optimal.png  used 
on input line 144.
(luatex.def)             Requested size: 241.01984pt x 165.85924pt.

Underfull \hbox (badness 10000) in paragraph at lines 145--145

 []


LaTeX Warning: `h' float specifier changed to `ht'.

File: resources/c3s_logo_small.png Graphic file (type png)
<use resources/c3s_logo_small.png>
Package luatex.def Info: resources/c3s_logo_small.png  used on input line 148.
(luatex.def)             Requested size: 25.05353pt x 26.01712pt.
[23<./resources/brmh.png>]

Package natbib Warning: Citation `Kent2007' on page 24 undefined on input line 
149.


Package natbib Warning: Citation `Kent2013NMAT' on page 24 undefined on input l
ine 149.


Package natbib Warning: Citation `Businger1971' on page 24 undefined on input l
ine 151.

<resources/observations-at-months-map-optimal.png, id=380, 241.02045pt x 165.85
965pt>
File: resources/observations-at-months-map-optimal.png Graphic file (type png)
<use resources/observations-at-months-map-optimal.png>
Package luatex.def Info: resources/observations-at-months-map-optimal.png  used
 on input line 156.
(luatex.def)             Requested size: 241.01984pt x 165.85924pt.
<resources/observations-dpt-months-map-optimal.png, id=381, 241.02045pt x 165.8
5965pt>
File: resources/observations-dpt-months-map-optimal.png Graphic file (type png)

<use resources/observations-dpt-months-map-optimal.png>
Package luatex.def Info: resources/observations-dpt-months-map-optimal.png  use
d on input line 157.
(luatex.def)             Requested size: 241.01984pt x 165.85924pt.

Underfull \hbox (badness 10000) in paragraph at lines 158--158

 []


Package natbib Warning: Citation `Kent2017' on page 24 undefined on input line 
167.


Package natbib Warning: Citation `Kennedy2011_part2' on page 24 undefined on in
put line 170.


Package natbib Warning: Citation `Kennedy2014' on page 24 undefined on input li
ne 171.


Package natbib Warning: Citation `Kent2017' on page 24 undefined on input line 
171.

File: resources/c3s_logo_small.png Graphic file (type png)
<use resources/c3s_logo_small.png>
Package luatex.def Info: resources/c3s_logo_small.png  used on input line 173.
(luatex.def)             Requested size: 25.05353pt x 26.01712pt.
[24<./resources/observations-at-mean-map-optimal.png><./resources/observations-d
pt-mean-map-optimal.png><./resources/observations-at-months-map-optimal.png><./r
esources/observations-dpt-months-map-optimal.png>]
<resources/observations-sst-mean-map-optimal.png, id=393, 241.02045pt x 165.859
65pt>
File: resources/observations-sst-mean-map-optimal.png Graphic file (type png)
<use resources/observations-sst-mean-map-optimal.png>
Package luatex.def Info: resources/observations-sst-mean-map-optimal.png  used 
on input line 175.
(luatex.def)             Requested size: 241.01984pt x 165.85924pt.
<resources/observations-sst-months-map-optimal.png, id=394, 241.02045pt x 165.8
5965pt>
File: resources/observations-sst-months-map-optimal.png Graphic file (type png)

<use resources/observations-sst-months-map-optimal.png>
Package luatex.def Info: resources/observations-sst-months-map-optimal.png  use
d on input line 176.
(luatex.def)             Requested size: 241.01984pt x 165.85924pt.

Underfull \hbox (badness 10000) in paragraph at lines 177--177

 []

<resources/observations-ws-mean-map-optimal.png, id=397, 241.02045pt x 167.6664
pt>
File: resources/observations-ws-mean-map-optimal.png Graphic file (type png)
<use resources/observations-ws-mean-map-optimal.png>
Package luatex.def Info: resources/observations-ws-mean-map-optimal.png  used o
n input line 192.
(luatex.def)             Requested size: 241.01984pt x 167.66597pt.
<resources/observations-wd-mean-map-optimal.png, id=398, 241.02045pt x 164.7756
pt>
File: resources/observations-wd-mean-map-optimal.png Graphic file (type png)
<use resources/observations-wd-mean-map-optimal.png>
Package luatex.def Info: resources/observations-wd-mean-map-optimal.png  used o
n input line 193.
(luatex.def)             Requested size: 241.01984pt x 164.77518pt.

Underfull \hbox (badness 10000) in paragraph at lines 194--194

 []


LaTeX Warning: `h' float specifier changed to `ht'.


Package natbib Warning: Citation `Kent1997' on page 25 undefined on input line 
198.


Package natbib Warning: Citation `Moat2005' on page 25 undefined on input line 
200.


Package natbib Warning: Citation `Thomas2008' on page 25 undefined on input lin
e 201.

File: resources/c3s_logo_small.png Graphic file (type png)
<use resources/c3s_logo_small.png>
Package luatex.def Info: resources/c3s_logo_small.png  used on input line 203.
(luatex.def)             Requested size: 25.05353pt x 26.01712pt.
[25<./resources/observations-sst-mean-map-optimal.png><./resources/observations-
sst-months-map-optimal.png>]
<resources/observations-ws-months-map-optimal.png, id=412, 241.02045pt x 165.85
965pt>
File: resources/observations-ws-months-map-optimal.png Graphic file (type png)
<use resources/observations-ws-months-map-optimal.png>
Package luatex.def Info: resources/observations-ws-months-map-optimal.png  used
 on input line 206.
(luatex.def)             Requested size: 241.01984pt x 165.85924pt.
<resources/observations-wd-months-map-optimal.png, id=413, 241.02045pt x 165.85
965pt>
File: resources/observations-wd-months-map-optimal.png Graphic file (type png)
<use resources/observations-wd-months-map-optimal.png>
Package luatex.def Info: resources/observations-wd-months-map-optimal.png  used
 on input line 207.
(luatex.def)             Requested size: 241.01984pt x 165.85924pt.

Underfull \hbox (badness 10000) in paragraph at lines 208--208

 []

File: resources/c3s_logo_small.png Graphic file (type png)
<use resources/c3s_logo_small.png>
Package luatex.def Info: resources/c3s_logo_small.png  used on input line 217.
(luatex.def)             Requested size: 25.05353pt x 26.01712pt.
[26<./resources/observations-ws-mean-map-optimal.png><./resources/observations-w
d-mean-map-optimal.png><./resources/observations-ws-months-map-optimal.png><./re
sources/observations-wd-months-map-optimal.png>]
<resources/observations-slp-mean-map-optimal.png, id=425, 241.02045pt x 164.775
6pt>
File: resources/observations-slp-mean-map-optimal.png Graphic file (type png)
<use resources/observations-slp-mean-map-optimal.png>
Package luatex.def Info: resources/observations-slp-mean-map-optimal.png  used 
on input line 227.
(luatex.def)             Requested size: 241.01984pt x 164.77518pt.
<resources/observations-slp-months-map-optimal.png, id=426, 241.02045pt x 165.8
5965pt>
File: resources/observations-slp-months-map-optimal.png Graphic file (type png)

<use resources/observations-slp-months-map-optimal.png>
Package luatex.def Info: resources/observations-slp-months-map-optimal.png  use
d on input line 228.
(luatex.def)             Requested size: 241.01984pt x 165.85924pt.

Underfull \hbox (badness 10000) in paragraph at lines 229--229

 []

) (./sections/quality_control.tex
File: resources/c3s_logo_small.png Graphic file (type png)
<use resources/c3s_logo_small.png>
Package luatex.def Info: resources/c3s_logo_small.png  used on input line 8.
(luatex.def)             Requested size: 25.05353pt x 26.01712pt.
 [27<./resources/observations-slp-mean-map-optimal.png><./resources/observations
-slp-months-map-optimal.png>]
Underfull \hbox (badness 4217) in paragraph at lines 25--25
[]|\TU/Calibri(0)/m/n/12 ICOADS core record con-tain-ing com-monly ob-
 []


Underfull \hbox (badness 10000) in paragraph at lines 28--28
[]|\TU/Calibri(0)/m/n/12 Model QC at-tach-
 []


Underfull \hbox (badness 10000) in paragraph at lines 29--29
[]|\TU/Calibri(0)/m/n/12 Ship meta-data at-
 []


Underfull \hbox (badness 2529) in paragraph at lines 29--29
[]|\TU/Calibri(0)/m/n/12 At-tach-ment con-tain-ing se-lected meta-data from
 []


Underfull \hbox (badness 10000) in paragraph at lines 30--30
[]|\TU/Calibri(0)/m/n/12 Near sur-face
 []


Underfull \hbox (badness 10000) in paragraph at lines 32--32
[]|\TU/Calibri(0)/m/n/12 Re-anal-y-sis QC /
 []


Underfull \hbox (badness 10000) in paragraph at lines 32--32
\TU/Calibri(0)/m/n/12 feed-back at-tach-
 []


Underfull \hbox (badness 10000) in paragraph at lines 36--36
[]|\TU/Calibri(0)/m/it/12 Sup-ple-men-tal data
 []


Underfull \hbox (badness 1509) in paragraph at lines 36--36
[]|\TU/Calibri(0)/m/n/12 At-tach-ment to store ad-di-tional data not rep-re-
 []

File: resources/c3s_logo_small.png Graphic file (type png)
<use resources/c3s_logo_small.png>
Package luatex.def Info: resources/c3s_logo_small.png  used on input line 41.
(luatex.def)             Requested size: 25.05353pt x 26.01712pt.
[28]
File: resources/c3s_logo_small.png Graphic file (type png)
<use resources/c3s_logo_small.png>
Package luatex.def Info: resources/c3s_logo_small.png  used on input line 41.
(luatex.def)             Requested size: 25.05353pt x 26.01712pt.
 [29]

Package natbib Warning: Citation `Carella2017_tracking' on page 30 undefined on
 input line 51.


Package natbib Warning: Citation `Carella2017_tracking' on page 30 undefined on
 input line 51.


Package natbib Warning: Citation `Freeman2017' on page 30 undefined on input li
ne 60.


Package natbib Warning: Citation `Woodruff2011' on page 30 undefined on input l
ine 60.

File: resources/c3s_logo_small.png Graphic file (type png)
<use resources/c3s_logo_small.png>
Package luatex.def Info: resources/c3s_logo_small.png  used on input line 70.
(luatex.def)             Requested size: 25.05353pt x 26.01712pt.
[30]

Package natbib Warning: Citation `Kent2019dup' on page 31 undefined on input li
ne 73.


Package natbib Warning: Citation `Kennedy2019' on page 31 undefined on input li
ne 104.

File: resources/c3s_logo_small.png Graphic file (type png)
<use resources/c3s_logo_small.png>
Package luatex.def Info: resources/c3s_logo_small.png  used on input line 110.
(luatex.def)             Requested size: 25.05353pt x 26.01712pt.
[31]
Underfull \hbox (badness 1472) in paragraph at lines 134--134
[]|\TU/Calibri(0)/m/n/12 Data from the ICOADS SEAS
 []


Underfull \hbox (badness 10000) in paragraph at lines 136--136
[]|\TU/Calibri(0)/m/n/12 Ob-ser-va-tions from the Rus-sian Ma-rine Me-te-o-ro-lo
g-i-cal
 []


Underfull \hbox (badness 3758) in paragraph at lines 136--136
\TU/Calibri(0)/m/n/12 Dataset (MORMET) are known to be mis-positioned in
 []

File: resources/c3s_logo_small.png Graphic file (type png)
<use resources/c3s_logo_small.png>
Package luatex.def Info: resources/c3s_logo_small.png  used on input line 172.
(luatex.def)             Requested size: 25.05353pt x 26.01712pt.
[32]

Package natbib Warning: Citation `Kennedy2019' on page 33 undefined on input li
ne 185.

File: resources/c3s_logo_small.png Graphic file (type png)
<use resources/c3s_logo_small.png>
Package luatex.def Info: resources/c3s_logo_small.png  used on input line 188.
(luatex.def)             Requested size: 25.05353pt x 26.01712pt.
[33]

Package natbib Warning: Citation `Xu2014' on page 34 undefined on input line 19
9.


Package natbib Warning: Citation `Xu2014' on page 34 undefined on input line 20
0.

File: resources/c3s_logo_small.png Graphic file (type png)
<use resources/c3s_logo_small.png>
Package luatex.def Info: resources/c3s_logo_small.png  used on input line 213.
(luatex.def)             Requested size: 25.05353pt x 26.01712pt.
[34]
Overfull \hbox (3.67554pt too wide) in paragraph at lines 214--215
[]\TU/lmtt/m/n/12 Buddy check\TU/Calibri(0)/m/n/12 : Anomaly for ob-ser-va-tion com-pared to mean anomaly for neigh-bour-ing grid boxes.
 []


Package natbib Warning: Citation `Atkinson2013' on page 35 undefined on input l
ine 244.

File: resources/c3s_logo_small.png Graphic file (type png)
<use resources/c3s_logo_small.png>
Package luatex.def Info: resources/c3s_logo_small.png  used on input line 254.
(luatex.def)             Requested size: 25.05353pt x 26.01712pt.
[35]
File: resources/c3s_logo_small.png Graphic file (type png)
<use resources/c3s_logo_small.png>
Package luatex.def Info: resources/c3s_logo_small.png  used on input line 297.
(luatex.def)             Requested size: 25.05353pt x 26.01712pt.
 [36]
<resources/duplicate_status-ts.png, id=525, 496.4949pt x 206.9331pt>
File: resources/duplicate_status-ts.png Graphic file (type png)
<use resources/duplicate_status-ts.png>
Package luatex.def Info: resources/duplicate_status-ts.png  used on input line 
305.
(luatex.def)             Requested size: 466.5382pt x 194.45714pt.

Underfull \hbox (badness 10000) in paragraph at lines 306--306

 []

<resources/report_quality-ts.png, id=526, 496.4949pt x 206.9331pt>
File: resources/report_quality-ts.png Graphic file (type png)
<use resources/report_quality-ts.png>
Package luatex.def Info: resources/report_quality-ts.png  used on input line 31
1.
(luatex.def)             Requested size: 466.5382pt x 194.45714pt.

Underfull \hbox (badness 10000) in paragraph at lines 312--312

 []

)
File: resources/c3s_logo_small.png Graphic file (type png)
<use resources/c3s_logo_small.png>
Package luatex.def Info: resources/c3s_logo_small.png  used on input line 155.
(luatex.def)             Requested size: 25.05353pt x 26.01712pt.
 [37<./resources/duplicate_status-ts.png>]
File: resources/c3s_logo_small.png Graphic file (type png)
<use resources/c3s_logo_small.png>
Package luatex.def Info: resources/c3s_logo_small.png  used on input line 155.
(luatex.def)             Requested size: 25.05353pt x 26.01712pt.
 [38<./resources/report_quality-ts.png>] (./sections/data_access.tex
File: resources/cds_variable_select.png Graphic file (type png)
<use resources/cds_variable_select.png>
Package luatex.def Info: resources/cds_variable_select.png  used on input line 
17.
(luatex.def)             Requested size: 368.32082pt x 90.89287pt.

Underfull \hbox (badness 10000) in paragraph at lines 18--18

 []

File: resources/cds_qc_select.png Graphic file (type png)
<use resources/cds_qc_select.png>
Package luatex.def Info: resources/cds_qc_select.png  used on input line 26.
(luatex.def)             Requested size: 368.32082pt x 91.94977pt.

Underfull \hbox (badness 10000) in paragraph at lines 27--27

 []

File: resources/cds_year_select.png Graphic file (type png)
<use resources/cds_year_select.png>
Package luatex.def Info: resources/cds_year_select.png  used on input line 34.
(luatex.def)             Requested size: 368.32082pt x 344.4761pt.

Underfull \hbox (badness 10000) in paragraph at lines 35--35

 []

File: resources/cds_month_select.png Graphic file (type png)
<use resources/cds_month_select.png>
Package luatex.def Info: resources/cds_month_select.png  used on input line 42.

(luatex.def)             Requested size: 368.32082pt x 154.52565pt.

Underfull \hbox (badness 10000) in paragraph at lines 43--43

 []

File: resources/cds_day_select.png Graphic file (type png)
<use resources/cds_day_select.png>
Package luatex.def Info: resources/cds_day_select.png  used on input line 50.
(luatex.def)             Requested size: 368.32082pt x 183.10231pt.

Underfull \hbox (badness 10000) in paragraph at lines 51--51

 []

File: resources/cds_area_select.png Graphic file (type png)
<use resources/cds_area_select.png>
Package luatex.def Info: resources/cds_area_select.png  used on input line 58.
(luatex.def)             Requested size: 368.32082pt x 271.87114pt.

Underfull \hbox (badness 10000) in paragraph at lines 59--59

 []

<resources/cds_api_request.png, id=552, 691.58376pt x 302.12875pt>
File: resources/cds_api_request.png Graphic file (type png)
<use resources/cds_api_request.png>
Package luatex.def Info: resources/cds_api_request.png  used on input line 66.
(luatex.def)             Requested size: 368.32082pt x 160.90657pt.

Underfull \hbox (badness 10000) in paragraph at lines 67--67

 []

File: resources/c3s_logo_small.png Graphic file (type png)
<use resources/c3s_logo_small.png>
Package luatex.def Info: resources/c3s_logo_small.png  used on input line 71.
(luatex.def)             Requested size: 25.05353pt x 26.01712pt.
[39

]
File: resources/c3s_logo_small.png Graphic file (type png)
<use resources/c3s_logo_small.png>
Package luatex.def Info: resources/c3s_logo_small.png  used on input line 71.
(luatex.def)             Requested size: 25.05353pt x 26.01712pt.
 [40]
File: resources/c3s_logo_small.png Graphic file (type png)
<use resources/c3s_logo_small.png>
Package luatex.def Info: resources/c3s_logo_small.png  used on input line 71.
(luatex.def)             Requested size: 25.05353pt x 26.01712pt.
 [41]
File: resources/c3s_logo_small.png Graphic file (type png)
<use resources/c3s_logo_small.png>
Package luatex.def Info: resources/c3s_logo_small.png  used on input line 71.
(luatex.def)             Requested size: 25.05353pt x 26.01712pt.
 [42<./resources/cds_api_request.png>])
(./sections/data_model.tex
Underfull \hbox (badness 5667) in paragraph at lines 21--21
\TU/Calibri(0)/m/n/12 <version>-<uid>-<field>, e.g. ICOADS-30-
 []


Underfull \hbox (badness 10000) in paragraph at lines 21--21
[]|\TU/Calibri(0)/m/n/12 times-tamp
 []


Underfull \hbox (badness 10000) in paragraph at lines 21--21
\TU/Calibri(0)/m/n/12 with time zone
 []


Underfull \hbox (badness 10000) in paragraph at lines 21--21
\TU/Calibri(0)/m/n/12 (YYYY-MM-DD
 []


Underfull \hbox (badness 10000) in paragraph at lines 21--21
[]|\TU/Calibri(0)/m/n/12 ob-ser-va-
 []


Underfull \hbox (badness 10000) in paragraph at lines 21--21
\TU/Calibri(0)/m/n/12 tion_height_above_sta-
 []

File: resources/c3s_logo_small.png Graphic file (type png)
<use resources/c3s_logo_small.png>
Package luatex.def Info: resources/c3s_logo_small.png  used on input line 21.
(luatex.def)             Requested size: 25.05353pt x 26.01712pt.
[43

]

LaTeX Warning: `h' float specifier changed to `ht'.

)
File: resources/c3s_logo_small.png Graphic file (type png)
<use resources/c3s_logo_small.png>
Package luatex.def Info: resources/c3s_logo_small.png  used on input line 157.
(luatex.def)             Requested size: 25.05353pt x 26.01712pt.
 [44]
File: resources/c3s_logo_small.png Graphic file (type png)
<use resources/c3s_logo_small.png>
Package luatex.def Info: resources/c3s_logo_small.png  used on input line 157.
(luatex.def)             Requested size: 25.05353pt x 26.01712pt.
 [45] (./sections/licensing.tex)
No file main.bbl.
<resources/backpage.pdf, id=611, 597.23125pt x 845.1575pt>
File: resources/backpage.pdf Graphic file (type pdf)
<use resources/backpage.pdf>
Package luatex.def Info: resources/backpage.pdf  used on input line 177.
(luatex.def)             Requested size: 597.22978pt x 845.15544pt.
File: resources/backpage.pdf Graphic file (type pdf)
<use resources/backpage.pdf>
Package luatex.def Info: resources/backpage.pdf  used on input line 177.
(luatex.def)             Requested size: 597.22978pt x 845.15544pt.
<resources/backpage.pdf, id=614, page=1, 597.23125pt x 845.1575pt>
File: resources/backpage.pdf Graphic file (type pdf)
<use resources/backpage.pdf, page 1>
Package luatex.def Info: resources/backpage.pdf , page1 used on input line 177.

(luatex.def)             Requested size: 597.22978pt x 845.15544pt.
File: resources/backpage.pdf Graphic file (type pdf)
<use resources/backpage.pdf, page 1>
Package luatex.def Info: resources/backpage.pdf , page1 used on input line 177.

(luatex.def)             Requested size: 597.33913pt x 845.31018pt.
File: resources/c3s_logo_small.png Graphic file (type png)
<use resources/c3s_logo_small.png>
Package luatex.def Info: resources/c3s_logo_small.png  used on input line 177.
(luatex.def)             Requested size: 25.05353pt x 26.01712pt.
[46

]
File: resources/backpage.pdf Graphic file (type pdf)
<use resources/backpage.pdf, page 1>
Package luatex.def Info: resources/backpage.pdf , page1 used on input line 177.

(luatex.def)             Requested size: 597.33913pt x 845.31018pt.
File: resources/backpage.pdf Graphic file (type pdf)
<use resources/backpage.pdf, page 1>
Package luatex.def Info: resources/backpage.pdf , page1 used on input line 177.

(luatex.def)             Requested size: 597.33913pt x 845.31018pt.
File: resources/backpage.pdf Graphic file (type pdf)
<use resources/backpage.pdf, page 1>
Package luatex.def Info: resources/backpage.pdf , page1 used on input line 177.

(luatex.def)             Requested size: 597.33913pt x 845.31018pt.
 [47<./resources/backpage.pdf>]

Package natbib Warning: There were undefined citations.


enddocument/afterlastpage: lastpage setting LastPage.
(./main.aux)

LaTeX Warning: Label(s) may have changed. Rerun to get cross-references right.

Package rerunfilecheck Info: File `main.out' has not changed.
(rerunfilecheck)             Checksum: C62E2927746D4A27E8EC3E86BDD97898;4855.
)

Here is how much of LuaTeX's memory you used:
 31258 strings out of 478364
 125027,1977958 words of node,token memory allocated
 847 words of node memory still in use:
   2 hlist, 1 rule, 4 glue, 3 kern, 1 glyph, 8 attribute, 132 glue_spec, 8 attri
bute_list, 2 pdf_action nodes
   avail lists: 1:2,2:1269,3:554,4:76,5:1665,6:137,7:11574,8:94,9:1534,10:25,11:
840
 49086 multiletter control sequences out of 65536+600000
 76 fonts using 21113943 bytes
 100i,17n,98p,1007b,767s stack positions out of 10000i,1000n,20000p,200000b,200000s
<./CalibriFont/calibrii.ttf><//?/c:/users/awerneck/appdata/local/programs/miktex
/fonts/opentype/public/lm/lmmono12-regular.otf><./CalibriFont/calibrib.ttf><C:/W
INDOWS/Fonts/verdana.ttf><./CalibriFont/calibri.ttf><C:/Users/awerneck/AppData/L
ocal/Programs/MiKTeX/fonts/type1/public/amsfonts/cm/cmmi12.pfb><C:/Users/awernec
k/AppData/Local/Programs/MiKTeX/fonts/type1/public/amsfonts/cm/cmsy10.pfb>
Output written on main.pdf (47 pages, 4329873 bytes).

PDF statistics: 713 PDF objects out of 1000 (max. 8388607)
 141 named destinations out of 1000 (max. 131072)
 208 words of extra memory for PDF output out of 10000 (max. 100000000)

